/home/amil/active/hokuriku-tourism-ai-governance/tools/audit_csv_quality.py:64: UserWarning: The argument 'infer_datetime_format' is deprecated and will be removed in a future version. A strict version of it is now the default, see https://pandas.pydata.org/pdeps/0004-consistent-to-datetime-parsing.html. You can safely remove this argument.
  parsed = pd.to_datetime(sample, errors="coerce", infer_datetime_format=True)
/home/amil/active/hokuriku-tourism-ai-governance/tools/audit_csv_quality.py:64: UserWarning: The argument 'infer_datetime_format' is deprecated and will be removed in a future version. A strict version of it is now the default, see https://pandas.pydata.org/pdeps/0004-consistent-to-datetime-parsing.html. You can safely remove this argument.
  parsed = pd.to_datetime(sample, errors="coerce", infer_datetime_format=True)
/home/amil/active/hokuriku-tourism-ai-governance/tools/audit_csv_quality.py:64: UserWarning: The argument 'infer_datetime_format' is deprecated and will be removed in a future version. A strict version of it is now the default, see https://pandas.pydata.org/pdeps/0004-consistent-to-datetime-parsing.html. You can safely remove this argument.
  parsed = pd.to_datetime(sample, errors="coerce", infer_datetime_format=True)
/home/amil/active/hokuriku-tourism-ai-governance/tools/audit_csv_quality.py:64: UserWarning: The argument 'infer_datetime_format' is deprecated and will be removed in a future version. A strict version of it is now the default, see https://pandas.pydata.org/pdeps/0004-consistent-to-datetime-parsing.html. You can safely remove this argument.
  parsed = pd.to_datetime(sample, errors="coerce", infer_datetime_format=True)
/home/amil/active/hokuriku-tourism-ai-governance/tools/audit_csv_quality.py:64: UserWarning: The argument 'infer_datetime_format' is deprecated and will be removed in a future version. A strict version of it is now the default, see https://pandas.pydata.org/pdeps/0004-consistent-to-datetime-parsing.html. You can safely remove this argument.
  parsed = pd.to_datetime(sample, errors="coerce", infer_datetime_format=True)
/home/amil/active/hokuriku-tourism-ai-governance/tools/audit_csv_quality.py:64: UserWarning: The argument 'infer_datetime_format' is deprecated and will be removed in a future version. A strict version of it is now the default, see https://pandas.pydata.org/pdeps/0004-consistent-to-datetime-parsing.html. You can safely remove this argument.
  parsed = pd.to_datetime(sample, errors="coerce", infer_datetime_format=True)
/home/amil/active/hokuriku-tourism-ai-governance/tools/audit_csv_quality.py:64: UserWarning: The argument 'infer_datetime_format' is deprecated and will be removed in a future version. A strict version of it is now the default, see https://pandas.pydata.org/pdeps/0004-consistent-to-datetime-parsing.html. You can safely remove this argument.
  parsed = pd.to_datetime(sample, errors="coerce", infer_datetime_format=True)
/home/amil/active/hokuriku-tourism-ai-governance/tools/audit_csv_quality.py:64: UserWarning: The argument 'infer_datetime_format' is deprecated and will be removed in a future version. A strict version of it is now the default, see https://pandas.pydata.org/pdeps/0004-consistent-to-datetime-parsing.html. You can safely remove this argument.
  parsed = pd.to_datetime(sample, errors="coerce", infer_datetime_format=True)
/home/amil/active/hokuriku-tourism-ai-governance/tools/audit_csv_quality.py:64: UserWarning: The argument 'infer_datetime_format' is deprecated and will be removed in a future version. A strict version of it is now the default, see https://pandas.pydata.org/pdeps/0004-consistent-to-datetime-parsing.html. You can safely remove this argument.
  parsed = pd.to_datetime(sample, errors="coerce", infer_datetime_format=True)
/home/amil/active/hokuriku-tourism-ai-governance/tools/audit_csv_quality.py:64: UserWarning: The argument 'infer_datetime_format' is deprecated and will be removed in a future version. A strict version of it is now the default, see https://pandas.pydata.org/pdeps/0004-consistent-to-datetime-parsing.html. You can safely remove this argument.
  parsed = pd.to_datetime(sample, errors="coerce", infer_datetime_format=True)
/home/amil/active/hokuriku-tourism-ai-governance/tools/audit_csv_quality.py:64: UserWarning: The argument 'infer_datetime_format' is deprecated and will be removed in a future version. A strict version of it is now the default, see https://pandas.pydata.org/pdeps/0004-consistent-to-datetime-parsing.html. You can safely remove this argument.
  parsed = pd.to_datetime(sample, errors="coerce", infer_datetime_format=True)
/home/amil/active/hokuriku-tourism-ai-governance/tools/audit_csv_quality.py:64: UserWarning: The argument 'infer_datetime_format' is deprecated and will be removed in a future version. A strict version of it is now the default, see https://pandas.pydata.org/pdeps/0004-consistent-to-datetime-parsing.html. You can safely remove this argument.
  parsed = pd.to_datetime(sample, errors="coerce", infer_datetime_format=True)
/home/amil/active/hokuriku-tourism-ai-governance/tools/audit_csv_quality.py:64: UserWarning: The argument 'infer_datetime_format' is deprecated and will be removed in a future version. A strict version of it is now the default, see https://pandas.pydata.org/pdeps/0004-consistent-to-datetime-parsing.html. You can safely remove this argument.
  parsed = pd.to_datetime(sample, errors="coerce", infer_datetime_format=True)
/home/amil/active/hokuriku-tourism-ai-governance/tools/audit_csv_quality.py:64: UserWarning: The argument 'infer_datetime_format' is deprecated and will be removed in a future version. A strict version of it is now the default, see https://pandas.pydata.org/pdeps/0004-consistent-to-datetime-parsing.html. You can safely remove this argument.
  parsed = pd.to_datetime(sample, errors="coerce", infer_datetime_format=True)
/home/amil/active/hokuriku-tourism-ai-governance/tools/audit_csv_quality.py:64: UserWarning: The argument 'infer_datetime_format' is deprecated and will be removed in a future version. A strict version of it is now the default, see https://pandas.pydata.org/pdeps/0004-consistent-to-datetime-parsing.html. You can safely remove this argument.
  parsed = pd.to_datetime(sample, errors="coerce", infer_datetime_format=True)
/home/amil/active/hokuriku-tourism-ai-governance/tools/audit_csv_quality.py:64: UserWarning: The argument 'infer_datetime_format' is deprecated and will be removed in a future version. A strict version of it is now the default, see https://pandas.pydata.org/pdeps/0004-consistent-to-datetime-parsing.html. You can safely remove this argument.
  parsed = pd.to_datetime(sample, errors="coerce", infer_datetime_format=True)
/home/amil/active/hokuriku-tourism-ai-governance/tools/audit_csv_quality.py:64: UserWarning: The argument 'infer_datetime_format' is deprecated and will be removed in a future version. A strict version of it is now the default, see https://pandas.pydata.org/pdeps/0004-consistent-to-datetime-parsing.html. You can safely remove this argument.
  parsed = pd.to_datetime(sample, errors="coerce", infer_datetime_format=True)
/home/amil/active/hokuriku-tourism-ai-governance/tools/audit_csv_quality.py:64: UserWarning: The argument 'infer_datetime_format' is deprecated and will be removed in a future version. A strict version of it is now the default, see https://pandas.pydata.org/pdeps/0004-consistent-to-datetime-parsing.html. You can safely remove this argument.
  parsed = pd.to_datetime(sample, errors="coerce", infer_datetime_format=True)
/home/amil/active/hokuriku-tourism-ai-governance/tools/audit_csv_quality.py:64: UserWarning: The argument 'infer_datetime_format' is deprecated and will be removed in a future version. A strict version of it is now the default, see https://pandas.pydata.org/pdeps/0004-consistent-to-datetime-parsing.html. You can safely remove this argument.
  parsed = pd.to_datetime(sample, errors="coerce", infer_datetime_format=True)
/home/amil/active/hokuriku-tourism-ai-governance/tools/audit_csv_quality.py:64: UserWarning: The argument 'infer_datetime_format' is deprecated and will be removed in a future version. A strict version of it is now the default, see https://pandas.pydata.org/pdeps/0004-consistent-to-datetime-parsing.html. You can safely remove this argument.
  parsed = pd.to_datetime(sample, errors="coerce", infer_datetime_format=True)
/home/amil/active/hokuriku-tourism-ai-governance/tools/audit_csv_quality.py:64: UserWarning: The argument 'infer_datetime_format' is deprecated and will be removed in a future version. A strict version of it is now the default, see https://pandas.pydata.org/pdeps/0004-consistent-to-datetime-parsing.html. You can safely remove this argument.
  parsed = pd.to_datetime(sample, errors="coerce", infer_datetime_format=True)
/home/amil/active/hokuriku-tourism-ai-governance/tools/audit_csv_quality.py:64: UserWarning: The argument 'infer_datetime_format' is deprecated and will be removed in a future version. A strict version of it is now the default, see https://pandas.pydata.org/pdeps/0004-consistent-to-datetime-parsing.html. You can safely remove this argument.
  parsed = pd.to_datetime(sample, errors="coerce", infer_datetime_format=True)
/home/amil/active/hokuriku-tourism-ai-governance/tools/audit_csv_quality.py:64: UserWarning: The argument 'infer_datetime_format' is deprecated and will be removed in a future version. A strict version of it is now the default, see https://pandas.pydata.org/pdeps/0004-consistent-to-datetime-parsing.html. You can safely remove this argument.
  parsed = pd.to_datetime(sample, errors="coerce", infer_datetime_format=True)
/home/amil/active/hokuriku-tourism-ai-governance/tools/audit_csv_quality.py:64: UserWarning: The argument 'infer_datetime_format' is deprecated and will be removed in a future version. A strict version of it is now the default, see https://pandas.pydata.org/pdeps/0004-consistent-to-datetime-parsing.html. You can safely remove this argument.
  parsed = pd.to_datetime(sample, errors="coerce", infer_datetime_format=True)
/home/amil/active/hokuriku-tourism-ai-governance/tools/audit_csv_quality.py:64: UserWarning: The argument 'infer_datetime_format' is deprecated and will be removed in a future version. A strict version of it is now the default, see https://pandas.pydata.org/pdeps/0004-consistent-to-datetime-parsing.html. You can safely remove this argument.
  parsed = pd.to_datetime(sample, errors="coerce", infer_datetime_format=True)
/home/amil/active/hokuriku-tourism-ai-governance/tools/audit_csv_quality.py:64: UserWarning: The argument 'infer_datetime_format' is deprecated and will be removed in a future version. A strict version of it is now the default, see https://pandas.pydata.org/pdeps/0004-consistent-to-datetime-parsing.html. You can safely remove this argument.
  parsed = pd.to_datetime(sample, errors="coerce", infer_datetime_format=True)
/home/amil/active/hokuriku-tourism-ai-governance/tools/audit_csv_quality.py:64: UserWarning: The argument 'infer_datetime_format' is deprecated and will be removed in a future version. A strict version of it is now the default, see https://pandas.pydata.org/pdeps/0004-consistent-to-datetime-parsing.html. You can safely remove this argument.
  parsed = pd.to_datetime(sample, errors="coerce", infer_datetime_format=True)
/home/amil/active/hokuriku-tourism-ai-governance/tools/audit_csv_quality.py:64: UserWarning: The argument 'infer_datetime_format' is deprecated and will be removed in a future version. A strict version of it is now the default, see https://pandas.pydata.org/pdeps/0004-consistent-to-datetime-parsing.html. You can safely remove this argument.
  parsed = pd.to_datetime(sample, errors="coerce", infer_datetime_format=True)
/home/amil/active/hokuriku-tourism-ai-governance/tools/audit_csv_quality.py:64: UserWarning: The argument 'infer_datetime_format' is deprecated and will be removed in a future version. A strict version of it is now the default, see https://pandas.pydata.org/pdeps/0004-consistent-to-datetime-parsing.html. You can safely remove this argument.
  parsed = pd.to_datetime(sample, errors="coerce", infer_datetime_format=True)
/home/amil/active/hokuriku-tourism-ai-governance/tools/audit_csv_quality.py:64: UserWarning: The argument 'infer_datetime_format' is deprecated and will be removed in a future version. A strict version of it is now the default, see https://pandas.pydata.org/pdeps/0004-consistent-to-datetime-parsing.html. You can safely remove this argument.
  parsed = pd.to_datetime(sample, errors="coerce", infer_datetime_format=True)
/home/amil/active/hokuriku-tourism-ai-governance/tools/audit_csv_quality.py:64: UserWarning: The argument 'infer_datetime_format' is deprecated and will be removed in a future version. A strict version of it is now the default, see https://pandas.pydata.org/pdeps/0004-consistent-to-datetime-parsing.html. You can safely remove this argument.
  parsed = pd.to_datetime(sample, errors="coerce", infer_datetime_format=True)
/home/amil/active/hokuriku-tourism-ai-governance/tools/audit_csv_quality.py:64: UserWarning: The argument 'infer_datetime_format' is deprecated and will be removed in a future version. A strict version of it is now the default, see https://pandas.pydata.org/pdeps/0004-consistent-to-datetime-parsing.html. You can safely remove this argument.
  parsed = pd.to_datetime(sample, errors="coerce", infer_datetime_format=True)
/home/amil/active/hokuriku-tourism-ai-governance/tools/audit_csv_quality.py:64: UserWarning: The argument 'infer_datetime_format' is deprecated and will be removed in a future version. A strict version of it is now the default, see https://pandas.pydata.org/pdeps/0004-consistent-to-datetime-parsing.html. You can safely remove this argument.
  parsed = pd.to_datetime(sample, errors="coerce", infer_datetime_format=True)
/home/amil/active/hokuriku-tourism-ai-governance/tools/audit_csv_quality.py:64: UserWarning: The argument 'infer_datetime_format' is deprecated and will be removed in a future version. A strict version of it is now the default, see https://pandas.pydata.org/pdeps/0004-consistent-to-datetime-parsing.html. You can safely remove this argument.
  parsed = pd.to_datetime(sample, errors="coerce", infer_datetime_format=True)
/home/amil/active/hokuriku-tourism-ai-governance/tools/audit_csv_quality.py:64: UserWarning: The argument 'infer_datetime_format' is deprecated and will be removed in a future version. A strict version of it is now the default, see https://pandas.pydata.org/pdeps/0004-consistent-to-datetime-parsing.html. You can safely remove this argument.
  parsed = pd.to_datetime(sample, errors="coerce", infer_datetime_format=True)
/home/amil/active/hokuriku-tourism-ai-governance/tools/audit_csv_quality.py:64: UserWarning: The argument 'infer_datetime_format' is deprecated and will be removed in a future version. A strict version of it is now the default, see https://pandas.pydata.org/pdeps/0004-consistent-to-datetime-parsing.html. You can safely remove this argument.
  parsed = pd.to_datetime(sample, errors="coerce", infer_datetime_format=True)
/home/amil/active/hokuriku-tourism-ai-governance/tools/audit_csv_quality.py:64: UserWarning: The argument 'infer_datetime_format' is deprecated and will be removed in a future version. A strict version of it is now the default, see https://pandas.pydata.org/pdeps/0004-consistent-to-datetime-parsing.html. You can safely remove this argument.
  parsed = pd.to_datetime(sample, errors="coerce", infer_datetime_format=True)
/home/amil/active/hokuriku-tourism-ai-governance/tools/audit_csv_quality.py:64: UserWarning: The argument 'infer_datetime_format' is deprecated and will be removed in a future version. A strict version of it is now the default, see https://pandas.pydata.org/pdeps/0004-consistent-to-datetime-parsing.html. You can safely remove this argument.
  parsed = pd.to_datetime(sample, errors="coerce", infer_datetime_format=True)
/home/amil/active/hokuriku-tourism-ai-governance/tools/audit_csv_quality.py:64: UserWarning: The argument 'infer_datetime_format' is deprecated and will be removed in a future version. A strict version of it is now the default, see https://pandas.pydata.org/pdeps/0004-consistent-to-datetime-parsing.html. You can safely remove this argument.
  parsed = pd.to_datetime(sample, errors="coerce", infer_datetime_format=True)
/home/amil/active/hokuriku-tourism-ai-governance/tools/audit_csv_quality.py:64: UserWarning: The argument 'infer_datetime_format' is deprecated and will be removed in a future version. A strict version of it is now the default, see https://pandas.pydata.org/pdeps/0004-consistent-to-datetime-parsing.html. You can safely remove this argument.
  parsed = pd.to_datetime(sample, errors="coerce", infer_datetime_format=True)
/home/amil/active/hokuriku-tourism-ai-governance/tools/audit_csv_quality.py:64: UserWarning: The argument 'infer_datetime_format' is deprecated and will be removed in a future version. A strict version of it is now the default, see https://pandas.pydata.org/pdeps/0004-consistent-to-datetime-parsing.html. You can safely remove this argument.
  parsed = pd.to_datetime(sample, errors="coerce", infer_datetime_format=True)
/home/amil/active/hokuriku-tourism-ai-governance/tools/audit_csv_quality.py:64: UserWarning: The argument 'infer_datetime_format' is deprecated and will be removed in a future version. A strict version of it is now the default, see https://pandas.pydata.org/pdeps/0004-consistent-to-datetime-parsing.html. You can safely remove this argument.
  parsed = pd.to_datetime(sample, errors="coerce", infer_datetime_format=True)
/home/amil/active/hokuriku-tourism-ai-governance/tools/audit_csv_quality.py:64: UserWarning: The argument 'infer_datetime_format' is deprecated and will be removed in a future version. A strict version of it is now the default, see https://pandas.pydata.org/pdeps/0004-consistent-to-datetime-parsing.html. You can safely remove this argument.
  parsed = pd.to_datetime(sample, errors="coerce", infer_datetime_format=True)
/home/amil/active/hokuriku-tourism-ai-governance/tools/audit_csv_quality.py:64: UserWarning: The argument 'infer_datetime_format' is deprecated and will be removed in a future version. A strict version of it is now the default, see https://pandas.pydata.org/pdeps/0004-consistent-to-datetime-parsing.html. You can safely remove this argument.
  parsed = pd.to_datetime(sample, errors="coerce", infer_datetime_format=True)
/home/amil/active/hokuriku-tourism-ai-governance/tools/audit_csv_quality.py:64: UserWarning: The argument 'infer_datetime_format' is deprecated and will be removed in a future version. A strict version of it is now the default, see https://pandas.pydata.org/pdeps/0004-consistent-to-datetime-parsing.html. You can safely remove this argument.
  parsed = pd.to_datetime(sample, errors="coerce", infer_datetime_format=True)
/home/amil/active/hokuriku-tourism-ai-governance/tools/audit_csv_quality.py:64: UserWarning: The argument 'infer_datetime_format' is deprecated and will be removed in a future version. A strict version of it is now the default, see https://pandas.pydata.org/pdeps/0004-consistent-to-datetime-parsing.html. You can safely remove this argument.
  parsed = pd.to_datetime(sample, errors="coerce", infer_datetime_format=True)
/home/amil/active/hokuriku-tourism-ai-governance/tools/audit_csv_quality.py:64: UserWarning: The argument 'infer_datetime_format' is deprecated and will be removed in a future version. A strict version of it is now the default, see https://pandas.pydata.org/pdeps/0004-consistent-to-datetime-parsing.html. You can safely remove this argument.
  parsed = pd.to_datetime(sample, errors="coerce", infer_datetime_format=True)
/home/amil/active/hokuriku-tourism-ai-governance/tools/audit_csv_quality.py:64: UserWarning: The argument 'infer_datetime_format' is deprecated and will be removed in a future version. A strict version of it is now the default, see https://pandas.pydata.org/pdeps/0004-consistent-to-datetime-parsing.html. You can safely remove this argument.
  parsed = pd.to_datetime(sample, errors="coerce", infer_datetime_format=True)
Found 48 CSV files to profile.


━━━━━━━━━━━━━━━━━━━━━━━━━━━━━━━━━━━━━━━━━━━━━━━━━━━━━━━━━━━━━━━━━━━━━━━━━━━━━━━━
FILE: jma/fukui_rawdata/fukui_hourly_8_2024_12.csv
━━━━━━━━━━━━━━━━━━━━━━━━━━━━━━━━━━━━━━━━━━━━━━━━━━━━━━━━━━━━━━━━━━━━━━━━━━━━━━━━
  Encoding: utf-8
  Shape: 744 rows × 9 cols
  Columns: ['timestamp', 'snow_depth_cm', 'snowfall_1h_cm', 'temp_c', 'precip_1h_mm', 'sun_1h_h', 'wind_speed_ms', 'weather_type', 'humidity_pct']
  Duplicate rows: 0
  Missing values:
    snow_depth_cm                      744 (100.00%)  dtype=float64
    snowfall_1h_cm                     744 (100.00%)  dtype=float64
    precip_1h_mm                       289 ( 38.84%)  dtype=float64
    sun_1h_h                           417 ( 56.05%)  dtype=float64
    weather_type                       744 (100.00%)  dtype=float64
  Numeric column stats:
    snow_depth_cm                   range=[None, None]
    snowfall_1h_cm                  range=[None, None]
    temp_c                          range=[0.9, 18.0], outliers=22
    precip_1h_mm                    range=[0.0, 9.5], outliers=54
    sun_1h_h                        range=[0.0, 1.0], outliers=59
    wind_speed_ms                   range=[0.0, 12.6], outliers=6
    weather_type                    range=[None, None]
    humidity_pct                    range=[45.0, 98.0]
  Date columns: {'timestamp': 'datetime'}
  ⚠ Near-zero variance columns: ['snow_depth_cm', 'snowfall_1h_cm', 'weather_type']

━━━━━━━━━━━━━━━━━━━━━━━━━━━━━━━━━━━━━━━━━━━━━━━━━━━━━━━━━━━━━━━━━━━━━━━━━━━━━━━━
FILE: jma/fukui_rawdata/fukui_hourly_8_2025_01.csv
━━━━━━━━━━━━━━━━━━━━━━━━━━━━━━━━━━━━━━━━━━━━━━━━━━━━━━━━━━━━━━━━━━━━━━━━━━━━━━━━
  Encoding: utf-8
  Shape: 744 rows × 9 cols
  Columns: ['timestamp', 'snow_depth_cm', 'snowfall_1h_cm', 'temp_c', 'precip_1h_mm', 'sun_1h_h', 'wind_speed_ms', 'weather_type', 'humidity_pct']
  Duplicate rows: 0
  Missing values:
    snow_depth_cm                      625 ( 84.01%)  dtype=float64
    snowfall_1h_cm                     730 ( 98.12%)  dtype=float64
    precip_1h_mm                       414 ( 55.65%)  dtype=float64
    sun_1h_h                           412 ( 55.38%)  dtype=float64
    weather_type                       744 (100.00%)  dtype=float64
  Numeric column stats:
    snow_depth_cm                   range=[1.0, 17.0], outliers=3
    snowfall_1h_cm                  range=[1.0, 5.0], outliers=1
    temp_c                          range=[-1.2, 13.4], outliers=2, negatives=11
    precip_1h_mm                    range=[0.0, 6.5], outliers=23
    sun_1h_h                        range=[0.0, 1.0]
    wind_speed_ms                   range=[0.3, 11.6], outliers=1
    weather_type                    range=[None, None]
    humidity_pct                    range=[38.0, 99.0]
  Date columns: {'timestamp': 'datetime'}
  ⚠ Near-zero variance columns: ['weather_type']

━━━━━━━━━━━━━━━━━━━━━━━━━━━━━━━━━━━━━━━━━━━━━━━━━━━━━━━━━━━━━━━━━━━━━━━━━━━━━━━━
FILE: jma/fukui_rawdata/fukui_hourly_8_2025_02.csv
━━━━━━━━━━━━━━━━━━━━━━━━━━━━━━━━━━━━━━━━━━━━━━━━━━━━━━━━━━━━━━━━━━━━━━━━━━━━━━━━
  Encoding: utf-8
  Shape: 672 rows × 9 cols
  Columns: ['timestamp', 'snow_depth_cm', 'snowfall_1h_cm', 'temp_c', 'precip_1h_mm', 'sun_1h_h', 'wind_speed_ms', 'weather_type', 'humidity_pct']
  Duplicate rows: 0
  Missing values:
    snow_depth_cm                      272 ( 40.48%)  dtype=float64
    snowfall_1h_cm                     592 ( 88.10%)  dtype=float64
    precip_1h_mm                       222 ( 33.04%)  dtype=float64
    sun_1h_h                           336 ( 50.00%)  dtype=float64
    wind_speed_ms                       17 (  2.53%)  dtype=float64
    weather_type                       672 (100.00%)  dtype=float64
  Numeric column stats:
    snow_depth_cm                   range=[1.0, 40.0]
    snowfall_1h_cm                  range=[1.0, 7.0], outliers=6
    temp_c                          range=[-2.1, 13.4], outliers=6, negatives=36
    precip_1h_mm                    range=[0.0, 12.0], outliers=65
    sun_1h_h                        range=[0.0, 1.0], outliers=25
    wind_speed_ms                   range=[0.0, 14.6], outliers=1
    weather_type                    range=[None, None]
    humidity_pct                    range=[34.0, 99.0]
  Date columns: {'timestamp': 'datetime'}
  ⚠ Near-zero variance columns: ['weather_type']

━━━━━━━━━━━━━━━━━━━━━━━━━━━━━━━━━━━━━━━━━━━━━━━━━━━━━━━━━━━━━━━━━━━━━━━━━━━━━━━━
FILE: jma/fukui_rawdata/fukui_hourly_8_2025_03.csv
━━━━━━━━━━━━━━━━━━━━━━━━━━━━━━━━━━━━━━━━━━━━━━━━━━━━━━━━━━━━━━━━━━━━━━━━━━━━━━━━
  Encoding: utf-8
  Shape: 744 rows × 9 cols
  Columns: ['timestamp', 'snow_depth_cm', 'snowfall_1h_cm', 'temp_c', 'precip_1h_mm', 'sun_1h_h', 'wind_speed_ms', 'weather_type', 'humidity_pct']
  Duplicate rows: 0
  Missing values:
    snow_depth_cm                      744 (100.00%)  dtype=float64
    snowfall_1h_cm                     744 (100.00%)  dtype=float64
    precip_1h_mm                       529 ( 71.10%)  dtype=float64
    sun_1h_h                           344 ( 46.24%)  dtype=float64
    weather_type                       744 (100.00%)  dtype=float64
  Numeric column stats:
    snow_depth_cm                   range=[None, None]
    snowfall_1h_cm                  range=[None, None]
    temp_c                          range=[0.6, 23.4], outliers=12
    precip_1h_mm                    range=[0.0, 9.5], outliers=15
    sun_1h_h                        range=[0.0, 1.0]
    wind_speed_ms                   range=[0.3, 12.4], outliers=2
    weather_type                    range=[None, None]
    humidity_pct                    range=[28.0, 98.0]
  Date columns: {'timestamp': 'datetime'}
  ⚠ Near-zero variance columns: ['snow_depth_cm', 'snowfall_1h_cm', 'weather_type']

━━━━━━━━━━━━━━━━━━━━━━━━━━━━━━━━━━━━━━━━━━━━━━━━━━━━━━━━━━━━━━━━━━━━━━━━━━━━━━━━
FILE: jma/fukui_rawdata/fukui_hourly_8_2025_04.csv
━━━━━━━━━━━━━━━━━━━━━━━━━━━━━━━━━━━━━━━━━━━━━━━━━━━━━━━━━━━━━━━━━━━━━━━━━━━━━━━━
  Encoding: utf-8
  Shape: 720 rows × 9 cols
  Columns: ['timestamp', 'snow_depth_cm', 'snowfall_1h_cm', 'temp_c', 'precip_1h_mm', 'sun_1h_h', 'wind_speed_ms', 'weather_type', 'humidity_pct']
  Duplicate rows: 0
  Missing values:
    snow_depth_cm                      720 (100.00%)  dtype=float64
    snowfall_1h_cm                     720 (100.00%)  dtype=float64
    precip_1h_mm                       569 ( 79.03%)  dtype=float64
    sun_1h_h                           300 ( 41.67%)  dtype=float64
    weather_type                       720 (100.00%)  dtype=float64
  Numeric column stats:
    snow_depth_cm                   range=[None, None]
    snowfall_1h_cm                  range=[None, None]
    temp_c                          range=[3.5, 28.0], outliers=12
    precip_1h_mm                    range=[0.0, 17.5], outliers=29
    sun_1h_h                        range=[0.0, 1.0]
    wind_speed_ms                   range=[0.2, 14.7], outliers=5
    weather_type                    range=[None, None]
    humidity_pct                    range=[24.0, 98.0]
  Date columns: {'timestamp': 'datetime'}
  ⚠ Near-zero variance columns: ['snow_depth_cm', 'snowfall_1h_cm', 'weather_type']

━━━━━━━━━━━━━━━━━━━━━━━━━━━━━━━━━━━━━━━━━━━━━━━━━━━━━━━━━━━━━━━━━━━━━━━━━━━━━━━━
FILE: jma/fukui_rawdata/fukui_hourly_8_2025_05.csv
━━━━━━━━━━━━━━━━━━━━━━━━━━━━━━━━━━━━━━━━━━━━━━━━━━━━━━━━━━━━━━━━━━━━━━━━━━━━━━━━
  Encoding: utf-8
  Shape: 744 rows × 9 cols
  Columns: ['timestamp', 'snow_depth_cm', 'snowfall_1h_cm', 'temp_c', 'precip_1h_mm', 'sun_1h_h', 'wind_speed_ms', 'weather_type', 'humidity_pct']
  Duplicate rows: 0
  Missing values:
    snow_depth_cm                      744 (100.00%)  dtype=float64
    snowfall_1h_cm                     744 (100.00%)  dtype=float64
    precip_1h_mm                       579 ( 77.82%)  dtype=float64
    sun_1h_h                           281 ( 37.77%)  dtype=float64
    weather_type                       744 (100.00%)  dtype=float64
  Numeric column stats:
    snow_depth_cm                   range=[None, None]
    snowfall_1h_cm                  range=[None, None]
    temp_c                          range=[8.0, 30.8], outliers=19
    precip_1h_mm                    range=[0.0, 9.0], outliers=14
    sun_1h_h                        range=[0.0, 1.0]
    wind_speed_ms                   range=[0.1, 15.9], outliers=11
    weather_type                    range=[None, None]
    humidity_pct                    range=[30.0, 98.0]
  Date columns: {'timestamp': 'datetime'}
  ⚠ Near-zero variance columns: ['snow_depth_cm', 'snowfall_1h_cm', 'weather_type']

━━━━━━━━━━━━━━━━━━━━━━━━━━━━━━━━━━━━━━━━━━━━━━━━━━━━━━━━━━━━━━━━━━━━━━━━━━━━━━━━
FILE: jma/fukui_rawdata/fukui_hourly_8_2025_06.csv
━━━━━━━━━━━━━━━━━━━━━━━━━━━━━━━━━━━━━━━━━━━━━━━━━━━━━━━━━━━━━━━━━━━━━━━━━━━━━━━━
  Encoding: utf-8
  Shape: 720 rows × 9 cols
  Columns: ['timestamp', 'snow_depth_cm', 'snowfall_1h_cm', 'temp_c', 'precip_1h_mm', 'sun_1h_h', 'wind_speed_ms', 'weather_type', 'humidity_pct']
  Duplicate rows: 0
  Missing values:
    snow_depth_cm                      720 (100.00%)  dtype=float64
    snowfall_1h_cm                     720 (100.00%)  dtype=float64
    precip_1h_mm                       555 ( 77.08%)  dtype=float64
    sun_1h_h                           240 ( 33.33%)  dtype=float64
    weather_type                       720 (100.00%)  dtype=float64
  Numeric column stats:
    snow_depth_cm                   range=[None, None]
    snowfall_1h_cm                  range=[None, None]
    temp_c                          range=[13.2, 33.8], outliers=3
    precip_1h_mm                    range=[0.0, 11.0], outliers=12
    sun_1h_h                        range=[0.0, 1.0]
    wind_speed_ms                   range=[0.2, 10.0]
    weather_type                    range=[None, None]
    humidity_pct                    range=[29.0, 99.0], outliers=3
  Date columns: {'timestamp': 'datetime'}
  ⚠ Near-zero variance columns: ['snow_depth_cm', 'snowfall_1h_cm', 'weather_type']

━━━━━━━━━━━━━━━━━━━━━━━━━━━━━━━━━━━━━━━━━━━━━━━━━━━━━━━━━━━━━━━━━━━━━━━━━━━━━━━━
FILE: jma/fukui_rawdata/fukui_hourly_8_2025_07.csv
━━━━━━━━━━━━━━━━━━━━━━━━━━━━━━━━━━━━━━━━━━━━━━━━━━━━━━━━━━━━━━━━━━━━━━━━━━━━━━━━
  Encoding: utf-8
  Shape: 744 rows × 9 cols
  Columns: ['timestamp', 'snow_depth_cm', 'snowfall_1h_cm', 'temp_c', 'precip_1h_mm', 'sun_1h_h', 'wind_speed_ms', 'weather_type', 'humidity_pct']
  Duplicate rows: 0
  Missing values:
    snow_depth_cm                      744 (100.00%)  dtype=float64
    snowfall_1h_cm                     744 (100.00%)  dtype=float64
    precip_1h_mm                       709 ( 95.30%)  dtype=float64
    sun_1h_h                           253 ( 34.01%)  dtype=float64
    weather_type                       744 (100.00%)  dtype=float64
  Numeric column stats:
    snow_depth_cm                   range=[None, None]
    snowfall_1h_cm                  range=[None, None]
    temp_c                          range=[24.5, 36.6]
    precip_1h_mm                    range=[0.0, 19.5], outliers=6
    sun_1h_h                        range=[0.0, 1.0]
    wind_speed_ms                   range=[0.1, 12.6], outliers=4
    weather_type                    range=[None, None]
    humidity_pct                    range=[42.0, 93.0]
  Date columns: {'timestamp': 'datetime'}
  ⚠ Near-zero variance columns: ['snow_depth_cm', 'snowfall_1h_cm', 'weather_type']

━━━━━━━━━━━━━━━━━━━━━━━━━━━━━━━━━━━━━━━━━━━━━━━━━━━━━━━━━━━━━━━━━━━━━━━━━━━━━━━━
FILE: jma/fukui_rawdata/fukui_hourly_8_2025_08.csv
━━━━━━━━━━━━━━━━━━━━━━━━━━━━━━━━━━━━━━━━━━━━━━━━━━━━━━━━━━━━━━━━━━━━━━━━━━━━━━━━
  Encoding: utf-8
  Shape: 744 rows × 9 cols
  Columns: ['timestamp', 'snow_depth_cm', 'snowfall_1h_cm', 'temp_c', 'precip_1h_mm', 'sun_1h_h', 'wind_speed_ms', 'weather_type', 'humidity_pct']
  Duplicate rows: 0
  Missing values:
    snow_depth_cm                      744 (100.00%)  dtype=float64
    snowfall_1h_cm                     744 (100.00%)  dtype=float64
    precip_1h_mm                       632 ( 84.95%)  dtype=float64
    sun_1h_h                           310 ( 41.67%)  dtype=float64
    weather_type                       744 (100.00%)  dtype=float64
  Numeric column stats:
    snow_depth_cm                   range=[None, None]
    snowfall_1h_cm                  range=[None, None]
    temp_c                          range=[22.2, 37.0]
    precip_1h_mm                    range=[0.0, 32.5], outliers=19
    sun_1h_h                        range=[0.0, 1.0]
    wind_speed_ms                   range=[0.3, 8.9], outliers=1
    weather_type                    range=[None, None]
    humidity_pct                    range=[35.0, 96.0], outliers=6
  Date columns: {'timestamp': 'datetime'}
  ⚠ Near-zero variance columns: ['snow_depth_cm', 'snowfall_1h_cm', 'weather_type']

━━━━━━━━━━━━━━━━━━━━━━━━━━━━━━━━━━━━━━━━━━━━━━━━━━━━━━━━━━━━━━━━━━━━━━━━━━━━━━━━
FILE: jma/fukui_rawdata/fukui_hourly_8_2025_09.csv
━━━━━━━━━━━━━━━━━━━━━━━━━━━━━━━━━━━━━━━━━━━━━━━━━━━━━━━━━━━━━━━━━━━━━━━━━━━━━━━━
  Encoding: utf-8
  Shape: 720 rows × 9 cols
  Columns: ['timestamp', 'snow_depth_cm', 'snowfall_1h_cm', 'temp_c', 'precip_1h_mm', 'sun_1h_h', 'wind_speed_ms', 'weather_type', 'humidity_pct']
  Duplicate rows: 0
  Missing values:
    snow_depth_cm                      720 (100.00%)  dtype=float64
    snowfall_1h_cm                     720 (100.00%)  dtype=float64
    precip_1h_mm                       577 ( 80.14%)  dtype=float64
    sun_1h_h                           314 ( 43.61%)  dtype=float64
    weather_type                       720 (100.00%)  dtype=float64
  Numeric column stats:
    snow_depth_cm                   range=[None, None]
    snowfall_1h_cm                  range=[None, None]
    temp_c                          range=[17.6, 36.6], outliers=7
    precip_1h_mm                    range=[0.0, 13.0], outliers=17
    sun_1h_h                        range=[0.0, 1.0]
    wind_speed_ms                   range=[0.3, 9.4]
    weather_type                    range=[None, None]
    humidity_pct                    range=[38.0, 97.0]
  Date columns: {'timestamp': 'datetime'}
  ⚠ Near-zero variance columns: ['snow_depth_cm', 'snowfall_1h_cm', 'weather_type']

━━━━━━━━━━━━━━━━━━━━━━━━━━━━━━━━━━━━━━━━━━━━━━━━━━━━━━━━━━━━━━━━━━━━━━━━━━━━━━━━
FILE: jma/fukui_rawdata/fukui_hourly_8_2025_10.csv
━━━━━━━━━━━━━━━━━━━━━━━━━━━━━━━━━━━━━━━━━━━━━━━━━━━━━━━━━━━━━━━━━━━━━━━━━━━━━━━━
  Encoding: utf-8
  Shape: 744 rows × 9 cols
  Columns: ['timestamp', 'snow_depth_cm', 'snowfall_1h_cm', 'temp_c', 'precip_1h_mm', 'sun_1h_h', 'wind_speed_ms', 'weather_type', 'humidity_pct']
  Duplicate rows: 0
  Missing values:
    snow_depth_cm                      744 (100.00%)  dtype=float64
    snowfall_1h_cm                     744 (100.00%)  dtype=float64
    temp_c                               1 (  0.13%)  dtype=float64
    precip_1h_mm                       566 ( 76.08%)  dtype=float64
    sun_1h_h                           359 ( 48.25%)  dtype=float64
    wind_speed_ms                        2 (  0.27%)  dtype=float64
    weather_type                       744 (100.00%)  dtype=float64
    humidity_pct                         1 (  0.13%)  dtype=float64
  Numeric column stats:
    snow_depth_cm                   range=[None, None]
    snowfall_1h_cm                  range=[None, None]
    temp_c                          range=[8.2, 28.3]
    precip_1h_mm                    range=[0.0, 18.0], outliers=13
    sun_1h_h                        range=[0.0, 1.0]
    wind_speed_ms                   range=[0.3, 12.6], outliers=1
    weather_type                    range=[None, None]
    humidity_pct                    range=[39.0, 100.0]
  Date columns: {'timestamp': 'datetime'}
  ⚠ Near-zero variance columns: ['snow_depth_cm', 'snowfall_1h_cm', 'weather_type']

━━━━━━━━━━━━━━━━━━━━━━━━━━━━━━━━━━━━━━━━━━━━━━━━━━━━━━━━━━━━━━━━━━━━━━━━━━━━━━━━
FILE: jma/fukui_rawdata/fukui_hourly_8_2025_11.csv
━━━━━━━━━━━━━━━━━━━━━━━━━━━━━━━━━━━━━━━━━━━━━━━━━━━━━━━━━━━━━━━━━━━━━━━━━━━━━━━━
  Encoding: utf-8
  Shape: 720 rows × 9 cols
  Columns: ['timestamp', 'snow_depth_cm', 'snowfall_1h_cm', 'temp_c', 'precip_1h_mm', 'sun_1h_h', 'wind_speed_ms', 'weather_type', 'humidity_pct']
  Duplicate rows: 0
  Missing values:
    snow_depth_cm                      720 (100.00%)  dtype=float64
    snowfall_1h_cm                     720 (100.00%)  dtype=float64
    precip_1h_mm                       553 ( 76.81%)  dtype=float64
    sun_1h_h                           390 ( 54.17%)  dtype=float64
    wind_speed_ms                        1 (  0.14%)  dtype=float64
    weather_type                       720 (100.00%)  dtype=float64
  Numeric column stats:
    snow_depth_cm                   range=[None, None]
    snowfall_1h_cm                  range=[None, None]
    temp_c                          range=[4.3, 21.2]
    precip_1h_mm                    range=[0.0, 14.5], outliers=18
    sun_1h_h                        range=[0.0, 1.0]
    wind_speed_ms                   range=[0.1, 12.0], outliers=7
    weather_type                    range=[None, None]
    humidity_pct                    range=[29.0, 98.0]
  Date columns: {'timestamp': 'datetime'}
  ⚠ Near-zero variance columns: ['snow_depth_cm', 'snowfall_1h_cm', 'weather_type']

━━━━━━━━━━━━━━━━━━━━━━━━━━━━━━━━━━━━━━━━━━━━━━━━━━━━━━━━━━━━━━━━━━━━━━━━━━━━━━━━
FILE: jma/fukui_rawdata/fukui_hourly_8_2025_12.csv
━━━━━━━━━━━━━━━━━━━━━━━━━━━━━━━━━━━━━━━━━━━━━━━━━━━━━━━━━━━━━━━━━━━━━━━━━━━━━━━━
  Encoding: utf-8
  Shape: 744 rows × 9 cols
  Columns: ['timestamp', 'snow_depth_cm', 'snowfall_1h_cm', 'temp_c', 'precip_1h_mm', 'sun_1h_h', 'wind_speed_ms', 'weather_type', 'humidity_pct']
  Duplicate rows: 0
  Missing values:
    snow_depth_cm                      744 (100.00%)  dtype=float64
    snowfall_1h_cm                     744 (100.00%)  dtype=float64
    precip_1h_mm                       376 ( 50.54%)  dtype=float64
    sun_1h_h                           417 ( 56.05%)  dtype=float64
    weather_type                       744 (100.00%)  dtype=float64
  Numeric column stats:
    snow_depth_cm                   range=[None, None]
    snowfall_1h_cm                  range=[None, None]
    temp_c                          range=[0.7, 19.4]
    precip_1h_mm                    range=[0.0, 8.5], outliers=19
    sun_1h_h                        range=[0.0, 1.0]
    wind_speed_ms                   range=[0.4, 12.9]
    weather_type                    range=[None, None]
    humidity_pct                    range=[36.0, 99.0]
  Date columns: {'timestamp': 'datetime'}
  ⚠ Near-zero variance columns: ['snow_depth_cm', 'snowfall_1h_cm', 'weather_type']

━━━━━━━━━━━━━━━━━━━━━━━━━━━━━━━━━━━━━━━━━━━━━━━━━━━━━━━━━━━━━━━━━━━━━━━━━━━━━━━━
FILE: jma/fukui_rawdata/fukui_hourly_8_2026_01.csv
━━━━━━━━━━━━━━━━━━━━━━━━━━━━━━━━━━━━━━━━━━━━━━━━━━━━━━━━━━━━━━━━━━━━━━━━━━━━━━━━
  Encoding: utf-8
  Shape: 744 rows × 9 cols
  Columns: ['timestamp', 'snow_depth_cm', 'snowfall_1h_cm', 'temp_c', 'precip_1h_mm', 'sun_1h_h', 'wind_speed_ms', 'weather_type', 'humidity_pct']
  Duplicate rows: 0
  Missing values:
    snow_depth_cm                      382 ( 51.34%)  dtype=float64
    snowfall_1h_cm                     674 ( 90.59%)  dtype=float64
    precip_1h_mm                       273 ( 36.69%)  dtype=float64
    sun_1h_h                           412 ( 55.38%)  dtype=float64
    weather_type                       744 (100.00%)  dtype=float64
  Numeric column stats:
    snow_depth_cm                   range=[1.0, 65.0]
    snowfall_1h_cm                  range=[1.0, 6.0], outliers=7
    temp_c                          range=[-1.1, 15.3], outliers=26, negatives=19
    precip_1h_mm                    range=[0.0, 12.0], outliers=49
    sun_1h_h                        range=[0.0, 1.0], outliers=47
    wind_speed_ms                   range=[0.0, 14.7], outliers=2
    weather_type                    range=[None, None]
    humidity_pct                    range=[40.0, 100.0], outliers=1
  Date columns: {'timestamp': 'datetime'}
  ⚠ Near-zero variance columns: ['weather_type']

━━━━━━━━━━━━━━━━━━━━━━━━━━━━━━━━━━━━━━━━━━━━━━━━━━━━━━━━━━━━━━━━━━━━━━━━━━━━━━━━
FILE: jma/fukui_rawdata/fukui_hourly_8_2026_02.csv
━━━━━━━━━━━━━━━━━━━━━━━━━━━━━━━━━━━━━━━━━━━━━━━━━━━━━━━━━━━━━━━━━━━━━━━━━━━━━━━━
  Encoding: utf-8
  Shape: 480 rows × 9 cols
  Columns: ['timestamp', 'snow_depth_cm', 'snowfall_1h_cm', 'temp_c', 'precip_1h_mm', 'sun_1h_h', 'wind_speed_ms', 'weather_type', 'humidity_pct']
  Duplicate rows: 0
  Missing values:
    snow_depth_cm                      183 ( 38.12%)  dtype=float64
    snowfall_1h_cm                     465 ( 96.88%)  dtype=float64
    precip_1h_mm                       327 ( 68.12%)  dtype=float64
    sun_1h_h                           240 ( 50.00%)  dtype=float64
    weather_type                       480 (100.00%)  dtype=float64
  Numeric column stats:
    snow_depth_cm                   range=[1.0, 46.0]
    snowfall_1h_cm                  range=[1.0, 4.0], outliers=1
    temp_c                          range=[-1.5, 17.5], outliers=8, negatives=21
    precip_1h_mm                    range=[0.0, 10.5], outliers=23
    sun_1h_h                        range=[0.0, 1.0]
    wind_speed_ms                   range=[0.0, 12.8], outliers=9
    weather_type                    range=[None, None]
    humidity_pct                    range=[40.0, 100.0]
  Date columns: {'timestamp': 'datetime'}
  ⚠ Near-zero variance columns: ['weather_type']

━━━━━━━━━━━━━━━━━━━━━━━━━━━━━━━━━━━━━━━━━━━━━━━━━━━━━━━━━━━━━━━━━━━━━━━━━━━━━━━━
FILE: jma/jma_fukui_hourly_8.csv
━━━━━━━━━━━━━━━━━━━━━━━━━━━━━━━━━━━━━━━━━━━━━━━━━━━━━━━━━━━━━━━━━━━━━━━━━━━━━━━━
  Encoding: utf-8
  Shape: 10728 rows × 9 cols
  Columns: ['timestamp', 'snow_depth_cm', 'snowfall_1h_cm', 'temp_c', 'precip_1h_mm', 'sun_1h_h', 'wind_speed_ms', 'weather_type', 'humidity_pct']
  Duplicate rows: 0
  Missing values:
    snow_depth_cm                     9550 ( 89.02%)  dtype=float64
    snowfall_1h_cm                   10549 ( 98.33%)  dtype=float64
    temp_c                               1 (  0.01%)  dtype=float64
    precip_1h_mm                      7170 ( 66.83%)  dtype=float64
    sun_1h_h                          5025 ( 46.84%)  dtype=float64
    wind_speed_ms                       20 (  0.19%)  dtype=float64
    weather_type                     10728 (100.00%)  dtype=float64
    humidity_pct                         1 (  0.01%)  dtype=float64
  Numeric column stats:
    snow_depth_cm                   range=[1.0, 65.0]
    snowfall_1h_cm                  range=[1.0, 7.0], outliers=15
    temp_c                          range=[-2.1, 37.0], negatives=87
    precip_1h_mm                    range=[0.0, 32.5], outliers=322
    sun_1h_h                        range=[0.0, 1.0]
    wind_speed_ms                   range=[0.0, 15.9], outliers=76
    weather_type                    range=[None, None]
    humidity_pct                    range=[24.0, 100.0], outliers=22
  Date columns: {'timestamp': 'datetime'}
  ⚠ Near-zero variance columns: ['weather_type']

━━━━━━━━━━━━━━━━━━━━━━━━━━━━━━━━━━━━━━━━━━━━━━━━━━━━━━━━━━━━━━━━━━━━━━━━━━━━━━━━
FILE: jma/jma_katsuyama_hourly_8.csv
━━━━━━━━━━━━━━━━━━━━━━━━━━━━━━━━━━━━━━━━━━━━━━━━━━━━━━━━━━━━━━━━━━━━━━━━━━━━━━━━
  Encoding: utf-8
  Shape: 10704 rows × 9 cols
  Columns: ['timestamp', 'snow_depth_cm', 'snowfall_1h_cm', 'temp_c', 'precip_1h_mm', 'sun_1h_h', 'wind_speed_ms', 'weather_type', 'humidity_pct']
  Duplicate rows: 0
  Missing values:
    snow_depth_cm                    10704 (100.00%)  dtype=float64
    snowfall_1h_cm                   10704 (100.00%)  dtype=float64
    temp_c                              11 (  0.10%)  dtype=float64
    precip_1h_mm                         8 (  0.07%)  dtype=float64
    sun_1h_h                          5024 ( 46.94%)  dtype=float64
    wind_speed_ms                      212 (  1.98%)  dtype=float64
    weather_type                     10704 (100.00%)  dtype=float64
    humidity_pct                      7913 ( 73.93%)  dtype=float64
  Numeric column stats:
    snow_depth_cm                   range=[None, None]
    snowfall_1h_cm                  range=[None, None]
    temp_c                          range=[-6.5, 35.2], negatives=1458
    precip_1h_mm                    range=[0.0, 25.5]
    sun_1h_h                        range=[0.0, 1.0]
    wind_speed_ms                   range=[0.0, 13.8], outliers=463
    weather_type                    range=[None, None]
    humidity_pct                    range=[33.0, 99.0], outliers=114
  Date columns: {'timestamp': 'datetime'}
  ⚠ Near-zero variance columns: ['snow_depth_cm', 'snowfall_1h_cm', 'weather_type']

━━━━━━━━━━━━━━━━━━━━━━━━━━━━━━━━━━━━━━━━━━━━━━━━━━━━━━━━━━━━━━━━━━━━━━━━━━━━━━━━
FILE: jma/jma_mikuni_hourly_8.csv
━━━━━━━━━━━━━━━━━━━━━━━━━━━━━━━━━━━━━━━━━━━━━━━━━━━━━━━━━━━━━━━━━━━━━━━━━━━━━━━━
  Encoding: utf-8
  Shape: 10728 rows × 9 cols
  Columns: ['timestamp', 'snow_depth_cm', 'snowfall_1h_cm', 'temp_c', 'precip_1h_mm', 'sun_1h_h', 'wind_speed_ms', 'weather_type', 'humidity_pct']
  Duplicate rows: 0
  Missing values:
    snow_depth_cm                    10728 (100.00%)  dtype=float64
    snowfall_1h_cm                   10728 (100.00%)  dtype=float64
    temp_c                               8 (  0.07%)  dtype=float64
    precip_1h_mm                         5 (  0.05%)  dtype=float64
    sun_1h_h                          5045 ( 47.03%)  dtype=float64
    wind_speed_ms                        9 (  0.08%)  dtype=float64
    weather_type                     10728 (100.00%)  dtype=float64
    humidity_pct                      8342 ( 77.76%)  dtype=float64
  Numeric column stats:
    snow_depth_cm                   range=[None, None]
    snowfall_1h_cm                  range=[None, None]
    temp_c                          range=[-3.2, 38.1], negatives=227
    precip_1h_mm                    range=[0.0, 27.0]
    sun_1h_h                        range=[0.0, 1.0]
    wind_speed_ms                   range=[0.0, 15.2], outliers=191
    weather_type                    range=[None, None]
    humidity_pct                    range=[35.0, 99.0]
  Date columns: {'timestamp': 'datetime'}
  ⚠ Near-zero variance columns: ['snow_depth_cm', 'snowfall_1h_cm', 'weather_type']

━━━━━━━━━━━━━━━━━━━━━━━━━━━━━━━━━━━━━━━━━━━━━━━━━━━━━━━━━━━━━━━━━━━━━━━━━━━━━━━━
FILE: jma/katsuyama_rawdata/katsuyama_hourly_8_2024_12.csv
━━━━━━━━━━━━━━━━━━━━━━━━━━━━━━━━━━━━━━━━━━━━━━━━━━━━━━━━━━━━━━━━━━━━━━━━━━━━━━━━
  Encoding: utf-8
  Shape: 744 rows × 9 cols
  Columns: ['timestamp', 'snow_depth_cm', 'snowfall_1h_cm', 'temp_c', 'precip_1h_mm', 'sun_1h_h', 'wind_speed_ms', 'weather_type', 'humidity_pct']
  Duplicate rows: 0
  Missing values:
    snow_depth_cm                      744 (100.00%)  dtype=float64
    snowfall_1h_cm                     744 (100.00%)  dtype=float64
    sun_1h_h                           415 ( 55.78%)  dtype=float64
    wind_speed_ms                       70 (  9.41%)  dtype=float64
    weather_type                       744 (100.00%)  dtype=float64
    humidity_pct                       744 (100.00%)  dtype=float64
  Numeric column stats:
    snow_depth_cm                   range=[None, None]
    snowfall_1h_cm                  range=[None, None]
    temp_c                          range=[-3.5, 15.6], outliers=21, negatives=164
    precip_1h_mm                    range=[0.0, 6.0], outliers=50
    sun_1h_h                        range=[0.0, 1.0]
    wind_speed_ms                   range=[0.0, 8.6], outliers=22
    weather_type                    range=[None, None]
    humidity_pct                    range=[None, None]
  Date columns: {'timestamp': 'datetime'}
  ⚠ Near-zero variance columns: ['snow_depth_cm', 'snowfall_1h_cm', 'weather_type', 'humidity_pct']

━━━━━━━━━━━━━━━━━━━━━━━━━━━━━━━━━━━━━━━━━━━━━━━━━━━━━━━━━━━━━━━━━━━━━━━━━━━━━━━━
FILE: jma/katsuyama_rawdata/katsuyama_hourly_8_2025_01.csv
━━━━━━━━━━━━━━━━━━━━━━━━━━━━━━━━━━━━━━━━━━━━━━━━━━━━━━━━━━━━━━━━━━━━━━━━━━━━━━━━
  Encoding: utf-8
  Shape: 744 rows × 9 cols
  Columns: ['timestamp', 'snow_depth_cm', 'snowfall_1h_cm', 'temp_c', 'precip_1h_mm', 'sun_1h_h', 'wind_speed_ms', 'weather_type', 'humidity_pct']
  Duplicate rows: 0
  Missing values:
    snow_depth_cm                      744 (100.00%)  dtype=float64
    snowfall_1h_cm                     744 (100.00%)  dtype=float64
    sun_1h_h                           413 ( 55.51%)  dtype=float64
    wind_speed_ms                       57 (  7.66%)  dtype=float64
    weather_type                       744 (100.00%)  dtype=float64
    humidity_pct                       744 (100.00%)  dtype=float64
  Numeric column stats:
    snow_depth_cm                   range=[None, None]
    snowfall_1h_cm                  range=[None, None]
    temp_c                          range=[-5.0, 9.6], outliers=36, negatives=253
    precip_1h_mm                    range=[0.0, 4.5], outliers=74
    sun_1h_h                        range=[0.0, 1.0]
    wind_speed_ms                   range=[0.0, 7.8], outliers=34
    weather_type                    range=[None, None]
    humidity_pct                    range=[None, None]
  Date columns: {'timestamp': 'datetime'}
  ⚠ Near-zero variance columns: ['snow_depth_cm', 'snowfall_1h_cm', 'weather_type', 'humidity_pct']

━━━━━━━━━━━━━━━━━━━━━━━━━━━━━━━━━━━━━━━━━━━━━━━━━━━━━━━━━━━━━━━━━━━━━━━━━━━━━━━━
FILE: jma/katsuyama_rawdata/katsuyama_hourly_8_2025_02.csv
━━━━━━━━━━━━━━━━━━━━━━━━━━━━━━━━━━━━━━━━━━━━━━━━━━━━━━━━━━━━━━━━━━━━━━━━━━━━━━━━
  Encoding: utf-8
  Shape: 648 rows × 9 cols
  Columns: ['timestamp', 'snow_depth_cm', 'snowfall_1h_cm', 'temp_c', 'precip_1h_mm', 'sun_1h_h', 'wind_speed_ms', 'weather_type', 'humidity_pct']
  Duplicate rows: 0
  Missing values:
    snow_depth_cm                      648 (100.00%)  dtype=float64
    snowfall_1h_cm                     648 (100.00%)  dtype=float64
    sun_1h_h                           324 ( 50.00%)  dtype=float64
    wind_speed_ms                       45 (  6.94%)  dtype=float64
    weather_type                       648 (100.00%)  dtype=float64
    humidity_pct                       648 (100.00%)  dtype=float64
  Numeric column stats:
    snow_depth_cm                   range=[None, None]
    snowfall_1h_cm                  range=[None, None]
    temp_c                          range=[-6.5, 9.8], outliers=12, negatives=370
    precip_1h_mm                    range=[0.0, 3.5], outliers=40
    sun_1h_h                        range=[0.0, 1.0], outliers=43
    wind_speed_ms                   range=[0.0, 10.0], outliers=35
    weather_type                    range=[None, None]
    humidity_pct                    range=[None, None]
  Date columns: {'timestamp': 'datetime'}
  ⚠ Near-zero variance columns: ['snow_depth_cm', 'snowfall_1h_cm', 'weather_type', 'humidity_pct']

━━━━━━━━━━━━━━━━━━━━━━━━━━━━━━━━━━━━━━━━━━━━━━━━━━━━━━━━━━━━━━━━━━━━━━━━━━━━━━━━
FILE: jma/katsuyama_rawdata/katsuyama_hourly_8_2025_03.csv
━━━━━━━━━━━━━━━━━━━━━━━━━━━━━━━━━━━━━━━━━━━━━━━━━━━━━━━━━━━━━━━━━━━━━━━━━━━━━━━━
  Encoding: utf-8
  Shape: 744 rows × 9 cols
  Columns: ['timestamp', 'snow_depth_cm', 'snowfall_1h_cm', 'temp_c', 'precip_1h_mm', 'sun_1h_h', 'wind_speed_ms', 'weather_type', 'humidity_pct']
  Duplicate rows: 0
  Missing values:
    snow_depth_cm                      744 (100.00%)  dtype=float64
    snowfall_1h_cm                     744 (100.00%)  dtype=float64
    sun_1h_h                           345 ( 46.37%)  dtype=float64
    wind_speed_ms                       22 (  2.96%)  dtype=float64
    weather_type                       744 (100.00%)  dtype=float64
    humidity_pct                       744 (100.00%)  dtype=float64
  Numeric column stats:
    snow_depth_cm                   range=[None, None]
    snowfall_1h_cm                  range=[None, None]
    temp_c                          range=[-3.0, 23.3], outliers=36, negatives=92
    precip_1h_mm                    range=[0.0, 6.5]
    sun_1h_h                        range=[0.0, 1.0]
    wind_speed_ms                   range=[0.0, 8.3], outliers=29
    weather_type                    range=[None, None]
    humidity_pct                    range=[None, None]
  Date columns: {'timestamp': 'datetime'}
  ⚠ Near-zero variance columns: ['snow_depth_cm', 'snowfall_1h_cm', 'weather_type', 'humidity_pct']

━━━━━━━━━━━━━━━━━━━━━━━━━━━━━━━━━━━━━━━━━━━━━━━━━━━━━━━━━━━━━━━━━━━━━━━━━━━━━━━━
FILE: jma/katsuyama_rawdata/katsuyama_hourly_8_2025_04.csv
━━━━━━━━━━━━━━━━━━━━━━━━━━━━━━━━━━━━━━━━━━━━━━━━━━━━━━━━━━━━━━━━━━━━━━━━━━━━━━━━
  Encoding: utf-8
  Shape: 720 rows × 9 cols
  Columns: ['timestamp', 'snow_depth_cm', 'snowfall_1h_cm', 'temp_c', 'precip_1h_mm', 'sun_1h_h', 'wind_speed_ms', 'weather_type', 'humidity_pct']
  Duplicate rows: 0
  Missing values:
    snow_depth_cm                      720 (100.00%)  dtype=float64
    snowfall_1h_cm                     720 (100.00%)  dtype=float64
    sun_1h_h                           300 ( 41.67%)  dtype=float64
    weather_type                       720 (100.00%)  dtype=float64
    humidity_pct                       720 (100.00%)  dtype=float64
  Numeric column stats:
    snow_depth_cm                   range=[None, None]
    snowfall_1h_cm                  range=[None, None]
    temp_c                          range=[-0.1, 27.9], outliers=1, negatives=1
    precip_1h_mm                    range=[0.0, 10.5]
    sun_1h_h                        range=[0.0, 1.0]
    wind_speed_ms                   range=[0.2, 12.2], outliers=12
    weather_type                    range=[None, None]
    humidity_pct                    range=[None, None]
  Date columns: {'timestamp': 'datetime'}
  ⚠ Near-zero variance columns: ['snow_depth_cm', 'snowfall_1h_cm', 'weather_type', 'humidity_pct']

━━━━━━━━━━━━━━━━━━━━━━━━━━━━━━━━━━━━━━━━━━━━━━━━━━━━━━━━━━━━━━━━━━━━━━━━━━━━━━━━
FILE: jma/katsuyama_rawdata/katsuyama_hourly_8_2025_05.csv
━━━━━━━━━━━━━━━━━━━━━━━━━━━━━━━━━━━━━━━━━━━━━━━━━━━━━━━━━━━━━━━━━━━━━━━━━━━━━━━━
  Encoding: utf-8
  Shape: 744 rows × 9 cols
  Columns: ['timestamp', 'snow_depth_cm', 'snowfall_1h_cm', 'temp_c', 'precip_1h_mm', 'sun_1h_h', 'wind_speed_ms', 'weather_type', 'humidity_pct']
  Duplicate rows: 0
  Missing values:
    snow_depth_cm                      744 (100.00%)  dtype=float64
    snowfall_1h_cm                     744 (100.00%)  dtype=float64
    temp_c                               3 (  0.40%)  dtype=float64
    sun_1h_h                           280 ( 37.63%)  dtype=float64
    wind_speed_ms                        3 (  0.40%)  dtype=float64
    weather_type                       744 (100.00%)  dtype=float64
    humidity_pct                       744 (100.00%)  dtype=float64
  Numeric column stats:
    snow_depth_cm                   range=[None, None]
    snowfall_1h_cm                  range=[None, None]
    temp_c                          range=[4.9, 31.7], outliers=8
    precip_1h_mm                    range=[0.0, 7.0]
    sun_1h_h                        range=[0.0, 1.0]
    wind_speed_ms                   range=[0.0, 10.2], outliers=27
    weather_type                    range=[None, None]
    humidity_pct                    range=[None, None]
  Date columns: {'timestamp': 'datetime'}
  ⚠ Near-zero variance columns: ['snow_depth_cm', 'snowfall_1h_cm', 'weather_type', 'humidity_pct']

━━━━━━━━━━━━━━━━━━━━━━━━━━━━━━━━━━━━━━━━━━━━━━━━━━━━━━━━━━━━━━━━━━━━━━━━━━━━━━━━
FILE: jma/katsuyama_rawdata/katsuyama_hourly_8_2025_06.csv
━━━━━━━━━━━━━━━━━━━━━━━━━━━━━━━━━━━━━━━━━━━━━━━━━━━━━━━━━━━━━━━━━━━━━━━━━━━━━━━━
  Encoding: utf-8
  Shape: 720 rows × 9 cols
  Columns: ['timestamp', 'snow_depth_cm', 'snowfall_1h_cm', 'temp_c', 'precip_1h_mm', 'sun_1h_h', 'wind_speed_ms', 'weather_type', 'humidity_pct']
  Duplicate rows: 0
  Missing values:
    snow_depth_cm                      720 (100.00%)  dtype=float64
    snowfall_1h_cm                     720 (100.00%)  dtype=float64
    sun_1h_h                           240 ( 33.33%)  dtype=float64
    wind_speed_ms                        1 (  0.14%)  dtype=float64
    weather_type                       720 (100.00%)  dtype=float64
    humidity_pct                       720 (100.00%)  dtype=float64
  Numeric column stats:
    snow_depth_cm                   range=[None, None]
    snowfall_1h_cm                  range=[None, None]
    temp_c                          range=[10.6, 33.7], outliers=2
    precip_1h_mm                    range=[0.0, 25.5]
    sun_1h_h                        range=[0.0, 1.0]
    wind_speed_ms                   range=[0.0, 7.4], outliers=4
    weather_type                    range=[None, None]
    humidity_pct                    range=[None, None]
  Date columns: {'timestamp': 'datetime'}
  ⚠ Near-zero variance columns: ['snow_depth_cm', 'snowfall_1h_cm', 'weather_type', 'humidity_pct']

━━━━━━━━━━━━━━━━━━━━━━━━━━━━━━━━━━━━━━━━━━━━━━━━━━━━━━━━━━━━━━━━━━━━━━━━━━━━━━━━
FILE: jma/katsuyama_rawdata/katsuyama_hourly_8_2025_07.csv
━━━━━━━━━━━━━━━━━━━━━━━━━━━━━━━━━━━━━━━━━━━━━━━━━━━━━━━━━━━━━━━━━━━━━━━━━━━━━━━━
  Encoding: utf-8
  Shape: 744 rows × 9 cols
  Columns: ['timestamp', 'snow_depth_cm', 'snowfall_1h_cm', 'temp_c', 'precip_1h_mm', 'sun_1h_h', 'wind_speed_ms', 'weather_type', 'humidity_pct']
  Duplicate rows: 0
  Missing values:
    snow_depth_cm                      744 (100.00%)  dtype=float64
    snowfall_1h_cm                     744 (100.00%)  dtype=float64
    sun_1h_h                           251 ( 33.74%)  dtype=float64
    weather_type                       744 (100.00%)  dtype=float64
    humidity_pct                       744 (100.00%)  dtype=float64
  Numeric column stats:
    snow_depth_cm                   range=[None, None]
    snowfall_1h_cm                  range=[None, None]
    temp_c                          range=[22.0, 34.9]
    precip_1h_mm                    range=[0.0, 16.0]
    sun_1h_h                        range=[0.0, 1.0]
    wind_speed_ms                   range=[0.0, 9.5], outliers=10
    weather_type                    range=[None, None]
    humidity_pct                    range=[None, None]
  Date columns: {'timestamp': 'datetime'}
  ⚠ Near-zero variance columns: ['snow_depth_cm', 'snowfall_1h_cm', 'weather_type', 'humidity_pct']

━━━━━━━━━━━━━━━━━━━━━━━━━━━━━━━━━━━━━━━━━━━━━━━━━━━━━━━━━━━━━━━━━━━━━━━━━━━━━━━━
FILE: jma/katsuyama_rawdata/katsuyama_hourly_8_2025_08.csv
━━━━━━━━━━━━━━━━━━━━━━━━━━━━━━━━━━━━━━━━━━━━━━━━━━━━━━━━━━━━━━━━━━━━━━━━━━━━━━━━
  Encoding: utf-8
  Shape: 744 rows × 9 cols
  Columns: ['timestamp', 'snow_depth_cm', 'snowfall_1h_cm', 'temp_c', 'precip_1h_mm', 'sun_1h_h', 'wind_speed_ms', 'weather_type', 'humidity_pct']
  Duplicate rows: 0
  Missing values:
    snow_depth_cm                      744 (100.00%)  dtype=float64
    snowfall_1h_cm                     744 (100.00%)  dtype=float64
    sun_1h_h                           310 ( 41.67%)  dtype=float64
    wind_speed_ms                        2 (  0.27%)  dtype=float64
    weather_type                       744 (100.00%)  dtype=float64
    humidity_pct                       744 (100.00%)  dtype=float64
  Numeric column stats:
    snow_depth_cm                   range=[None, None]
    snowfall_1h_cm                  range=[None, None]
    temp_c                          range=[19.1, 35.2]
    precip_1h_mm                    range=[0.0, 10.0]
    sun_1h_h                        range=[0.0, 1.0]
    wind_speed_ms                   range=[0.0, 7.1], outliers=3
    weather_type                    range=[None, None]
    humidity_pct                    range=[None, None]
  Date columns: {'timestamp': 'datetime'}
  ⚠ Near-zero variance columns: ['snow_depth_cm', 'snowfall_1h_cm', 'weather_type', 'humidity_pct']

━━━━━━━━━━━━━━━━━━━━━━━━━━━━━━━━━━━━━━━━━━━━━━━━━━━━━━━━━━━━━━━━━━━━━━━━━━━━━━━━
FILE: jma/katsuyama_rawdata/katsuyama_hourly_8_2025_09.csv
━━━━━━━━━━━━━━━━━━━━━━━━━━━━━━━━━━━━━━━━━━━━━━━━━━━━━━━━━━━━━━━━━━━━━━━━━━━━━━━━
  Encoding: utf-8
  Shape: 720 rows × 9 cols
  Columns: ['timestamp', 'snow_depth_cm', 'snowfall_1h_cm', 'temp_c', 'precip_1h_mm', 'sun_1h_h', 'wind_speed_ms', 'weather_type', 'humidity_pct']
  Duplicate rows: 0
  Missing values:
    snow_depth_cm                      720 (100.00%)  dtype=float64
    snowfall_1h_cm                     720 (100.00%)  dtype=float64
    sun_1h_h                           315 ( 43.75%)  dtype=float64
    weather_type                       720 (100.00%)  dtype=float64
    humidity_pct                       720 (100.00%)  dtype=float64
  Numeric column stats:
    snow_depth_cm                   range=[None, None]
    snowfall_1h_cm                  range=[None, None]
    temp_c                          range=[14.0, 34.6]
    precip_1h_mm                    range=[0.0, 21.0]
    sun_1h_h                        range=[0.0, 1.0]
    wind_speed_ms                   range=[0.0, 6.3], outliers=15
    weather_type                    range=[None, None]
    humidity_pct                    range=[None, None]
  Date columns: {'timestamp': 'datetime'}
  ⚠ Near-zero variance columns: ['snow_depth_cm', 'snowfall_1h_cm', 'weather_type', 'humidity_pct']

━━━━━━━━━━━━━━━━━━━━━━━━━━━━━━━━━━━━━━━━━━━━━━━━━━━━━━━━━━━━━━━━━━━━━━━━━━━━━━━━
FILE: jma/katsuyama_rawdata/katsuyama_hourly_8_2025_10.csv
━━━━━━━━━━━━━━━━━━━━━━━━━━━━━━━━━━━━━━━━━━━━━━━━━━━━━━━━━━━━━━━━━━━━━━━━━━━━━━━━
  Encoding: utf-8
  Shape: 744 rows × 9 cols
  Columns: ['timestamp', 'snow_depth_cm', 'snowfall_1h_cm', 'temp_c', 'precip_1h_mm', 'sun_1h_h', 'wind_speed_ms', 'weather_type', 'humidity_pct']
  Duplicate rows: 0
  Missing values:
    snow_depth_cm                      744 (100.00%)  dtype=float64
    snowfall_1h_cm                     744 (100.00%)  dtype=float64
    temp_c                               8 (  1.08%)  dtype=float64
    precip_1h_mm                         8 (  1.08%)  dtype=float64
    sun_1h_h                           372 ( 50.00%)  dtype=float64
    wind_speed_ms                        9 (  1.21%)  dtype=float64
    weather_type                       744 (100.00%)  dtype=float64
    humidity_pct                       641 ( 86.16%)  dtype=float64
  Numeric column stats:
    snow_depth_cm                   range=[None, None]
    snowfall_1h_cm                  range=[None, None]
    temp_c                          range=[5.0, 27.8]
    precip_1h_mm                    range=[0.0, 11.5]
    sun_1h_h                        range=[0.0, 1.0]
    wind_speed_ms                   range=[0.0, 8.2], outliers=40
    weather_type                    range=[None, None]
    humidity_pct                    range=[41.0, 97.0], outliers=2
  Date columns: {'timestamp': 'datetime'}
  ⚠ Near-zero variance columns: ['snow_depth_cm', 'snowfall_1h_cm', 'weather_type']

━━━━━━━━━━━━━━━━━━━━━━━━━━━━━━━━━━━━━━━━━━━━━━━━━━━━━━━━━━━━━━━━━━━━━━━━━━━━━━━━
FILE: jma/katsuyama_rawdata/katsuyama_hourly_8_2025_11.csv
━━━━━━━━━━━━━━━━━━━━━━━━━━━━━━━━━━━━━━━━━━━━━━━━━━━━━━━━━━━━━━━━━━━━━━━━━━━━━━━━
  Encoding: utf-8
  Shape: 720 rows × 9 cols
  Columns: ['timestamp', 'snow_depth_cm', 'snowfall_1h_cm', 'temp_c', 'precip_1h_mm', 'sun_1h_h', 'wind_speed_ms', 'weather_type', 'humidity_pct']
  Duplicate rows: 0
  Missing values:
    snow_depth_cm                      720 (100.00%)  dtype=float64
    snowfall_1h_cm                     720 (100.00%)  dtype=float64
    sun_1h_h                           391 ( 54.31%)  dtype=float64
    weather_type                       720 (100.00%)  dtype=float64
  Numeric column stats:
    snow_depth_cm                   range=[None, None]
    snowfall_1h_cm                  range=[None, None]
    temp_c                          range=[0.5, 19.2]
    precip_1h_mm                    range=[0.0, 8.0]
    sun_1h_h                        range=[0.0, 1.0]
    wind_speed_ms                   range=[0.2, 8.1], outliers=22
    weather_type                    range=[None, None]
    humidity_pct                    range=[33.0, 99.0], outliers=29
  Date columns: {'timestamp': 'datetime'}
  ⚠ Near-zero variance columns: ['snow_depth_cm', 'snowfall_1h_cm', 'weather_type']

━━━━━━━━━━━━━━━━━━━━━━━━━━━━━━━━━━━━━━━━━━━━━━━━━━━━━━━━━━━━━━━━━━━━━━━━━━━━━━━━
FILE: jma/katsuyama_rawdata/katsuyama_hourly_8_2025_12.csv
━━━━━━━━━━━━━━━━━━━━━━━━━━━━━━━━━━━━━━━━━━━━━━━━━━━━━━━━━━━━━━━━━━━━━━━━━━━━━━━━
  Encoding: utf-8
  Shape: 744 rows × 9 cols
  Columns: ['timestamp', 'snow_depth_cm', 'snowfall_1h_cm', 'temp_c', 'precip_1h_mm', 'sun_1h_h', 'wind_speed_ms', 'weather_type', 'humidity_pct']
  Duplicate rows: 0
  Missing values:
    snow_depth_cm                      744 (100.00%)  dtype=float64
    snowfall_1h_cm                     744 (100.00%)  dtype=float64
    sun_1h_h                           415 ( 55.78%)  dtype=float64
    weather_type                       744 (100.00%)  dtype=float64
  Numeric column stats:
    snow_depth_cm                   range=[None, None]
    snowfall_1h_cm                  range=[None, None]
    temp_c                          range=[-3.4, 17.3], negatives=66
    precip_1h_mm                    range=[0.0, 5.5]
    sun_1h_h                        range=[0.0, 1.0]
    wind_speed_ms                   range=[0.1, 9.7], outliers=37
    weather_type                    range=[None, None]
    humidity_pct                    range=[39.0, 99.0], outliers=28
  Date columns: {'timestamp': 'datetime'}
  ⚠ Near-zero variance columns: ['snow_depth_cm', 'snowfall_1h_cm', 'weather_type']

━━━━━━━━━━━━━━━━━━━━━━━━━━━━━━━━━━━━━━━━━━━━━━━━━━━━━━━━━━━━━━━━━━━━━━━━━━━━━━━━
FILE: jma/katsuyama_rawdata/katsuyama_hourly_8_2026_01.csv
━━━━━━━━━━━━━━━━━━━━━━━━━━━━━━━━━━━━━━━━━━━━━━━━━━━━━━━━━━━━━━━━━━━━━━━━━━━━━━━━
  Encoding: utf-8
  Shape: 744 rows × 9 cols
  Columns: ['timestamp', 'snow_depth_cm', 'snowfall_1h_cm', 'temp_c', 'precip_1h_mm', 'sun_1h_h', 'wind_speed_ms', 'weather_type', 'humidity_pct']
  Duplicate rows: 0
  Missing values:
    snow_depth_cm                      744 (100.00%)  dtype=float64
    snowfall_1h_cm                     744 (100.00%)  dtype=float64
    sun_1h_h                           413 ( 55.51%)  dtype=float64
    wind_speed_ms                        2 (  0.27%)  dtype=float64
    weather_type                       744 (100.00%)  dtype=float64
  Numeric column stats:
    snow_depth_cm                   range=[None, None]
    snowfall_1h_cm                  range=[None, None]
    temp_c                          range=[-4.0, 11.4], outliers=59, negatives=347
    precip_1h_mm                    range=[0.0, 6.5], outliers=65
    sun_1h_h                        range=[0.0, 1.0], outliers=46
    wind_speed_ms                   range=[0.2, 13.8], outliers=46
    weather_type                    range=[None, None]
    humidity_pct                    range=[44.0, 99.0], outliers=64
  Date columns: {'timestamp': 'datetime'}
  ⚠ Near-zero variance columns: ['snow_depth_cm', 'snowfall_1h_cm', 'weather_type']

━━━━━━━━━━━━━━━━━━━━━━━━━━━━━━━━━━━━━━━━━━━━━━━━━━━━━━━━━━━━━━━━━━━━━━━━━━━━━━━━
FILE: jma/katsuyama_rawdata/katsuyama_hourly_8_2026_02.csv
━━━━━━━━━━━━━━━━━━━━━━━━━━━━━━━━━━━━━━━━━━━━━━━━━━━━━━━━━━━━━━━━━━━━━━━━━━━━━━━━
  Encoding: utf-8
  Shape: 480 rows × 9 cols
  Columns: ['timestamp', 'snow_depth_cm', 'snowfall_1h_cm', 'temp_c', 'precip_1h_mm', 'sun_1h_h', 'wind_speed_ms', 'weather_type', 'humidity_pct']
  Duplicate rows: 0
  Missing values:
    snow_depth_cm                      480 (100.00%)  dtype=float64
    snowfall_1h_cm                     480 (100.00%)  dtype=float64
    sun_1h_h                           240 ( 50.00%)  dtype=float64
    wind_speed_ms                        1 (  0.21%)  dtype=float64
    weather_type                       480 (100.00%)  dtype=float64
  Numeric column stats:
    snow_depth_cm                   range=[None, None]
    snowfall_1h_cm                  range=[None, None]
    temp_c                          range=[-5.5, 11.4], outliers=7, negatives=165
    precip_1h_mm                    range=[0.0, 2.0]
    sun_1h_h                        range=[0.0, 1.0]
    wind_speed_ms                   range=[0.2, 8.7], outliers=35
    weather_type                    range=[None, None]
    humidity_pct                    range=[34.0, 99.0], outliers=2
  Date columns: {'timestamp': 'datetime'}
  ⚠ Near-zero variance columns: ['snow_depth_cm', 'snowfall_1h_cm', 'weather_type']

━━━━━━━━━━━━━━━━━━━━━━━━━━━━━━━━━━━━━━━━━━━━━━━━━━━━━━━━━━━━━━━━━━━━━━━━━━━━━━━━
FILE: jma/mikuni_rawdata/mikuni_hourly_8_2024_12.csv
━━━━━━━━━━━━━━━━━━━━━━━━━━━━━━━━━━━━━━━━━━━━━━━━━━━━━━━━━━━━━━━━━━━━━━━━━━━━━━━━
  Encoding: utf-8
  Shape: 744 rows × 9 cols
  Columns: ['timestamp', 'snow_depth_cm', 'snowfall_1h_cm', 'temp_c', 'precip_1h_mm', 'sun_1h_h', 'wind_speed_ms', 'weather_type', 'humidity_pct']
  Duplicate rows: 0
  Missing values:
    snow_depth_cm                      744 (100.00%)  dtype=float64
    snowfall_1h_cm                     744 (100.00%)  dtype=float64
    sun_1h_h                           419 ( 56.32%)  dtype=float64
    weather_type                       744 (100.00%)  dtype=float64
    humidity_pct                       744 (100.00%)  dtype=float64
  Numeric column stats:
    snow_depth_cm                   range=[None, None]
    snowfall_1h_cm                  range=[None, None]
    temp_c                          range=[0.0, 16.8], outliers=21
    precip_1h_mm                    range=[0.0, 12.5], outliers=98
    sun_1h_h                        range=[0.0, 1.0], outliers=64
    wind_speed_ms                   range=[0.4, 10.9], outliers=3
    weather_type                    range=[None, None]
    humidity_pct                    range=[None, None]
  Date columns: {'timestamp': 'datetime'}
  ⚠ Near-zero variance columns: ['snow_depth_cm', 'snowfall_1h_cm', 'weather_type', 'humidity_pct']

━━━━━━━━━━━━━━━━━━━━━━━━━━━━━━━━━━━━━━━━━━━━━━━━━━━━━━━━━━━━━━━━━━━━━━━━━━━━━━━━
FILE: jma/mikuni_rawdata/mikuni_hourly_8_2025_01.csv
━━━━━━━━━━━━━━━━━━━━━━━━━━━━━━━━━━━━━━━━━━━━━━━━━━━━━━━━━━━━━━━━━━━━━━━━━━━━━━━━
  Encoding: utf-8
  Shape: 744 rows × 9 cols
  Columns: ['timestamp', 'snow_depth_cm', 'snowfall_1h_cm', 'temp_c', 'precip_1h_mm', 'sun_1h_h', 'wind_speed_ms', 'weather_type', 'humidity_pct']
  Duplicate rows: 0
  Missing values:
    snow_depth_cm                      744 (100.00%)  dtype=float64
    snowfall_1h_cm                     744 (100.00%)  dtype=float64
    sun_1h_h                           415 ( 55.78%)  dtype=float64
    weather_type                       744 (100.00%)  dtype=float64
    humidity_pct                       744 (100.00%)  dtype=float64
  Numeric column stats:
    snow_depth_cm                   range=[None, None]
    snowfall_1h_cm                  range=[None, None]
    temp_c                          range=[-0.9, 14.0], outliers=11, negatives=6
    precip_1h_mm                    range=[0.0, 6.5], outliers=70
    sun_1h_h                        range=[0.0, 1.0]
    wind_speed_ms                   range=[0.0, 12.5], outliers=4
    weather_type                    range=[None, None]
    humidity_pct                    range=[None, None]
  Date columns: {'timestamp': 'datetime'}
  ⚠ Near-zero variance columns: ['snow_depth_cm', 'snowfall_1h_cm', 'weather_type', 'humidity_pct']

━━━━━━━━━━━━━━━━━━━━━━━━━━━━━━━━━━━━━━━━━━━━━━━━━━━━━━━━━━━━━━━━━━━━━━━━━━━━━━━━
FILE: jma/mikuni_rawdata/mikuni_hourly_8_2025_02.csv
━━━━━━━━━━━━━━━━━━━━━━━━━━━━━━━━━━━━━━━━━━━━━━━━━━━━━━━━━━━━━━━━━━━━━━━━━━━━━━━━
  Encoding: utf-8
  Shape: 672 rows × 9 cols
  Columns: ['timestamp', 'snow_depth_cm', 'snowfall_1h_cm', 'temp_c', 'precip_1h_mm', 'sun_1h_h', 'wind_speed_ms', 'weather_type', 'humidity_pct']
  Duplicate rows: 0
  Missing values:
    snow_depth_cm                      672 (100.00%)  dtype=float64
    snowfall_1h_cm                     672 (100.00%)  dtype=float64
    sun_1h_h                           336 ( 50.00%)  dtype=float64
    weather_type                       672 (100.00%)  dtype=float64
    humidity_pct                       672 (100.00%)  dtype=float64
  Numeric column stats:
    snow_depth_cm                   range=[None, None]
    snowfall_1h_cm                  range=[None, None]
    temp_c                          range=[-2.4, 12.8], outliers=21, negatives=71
    precip_1h_mm                    range=[0.0, 3.5]
    sun_1h_h                        range=[0.0, 1.0], outliers=37
    wind_speed_ms                   range=[0.0, 12.2], outliers=2
    weather_type                    range=[None, None]
    humidity_pct                    range=[None, None]
  Date columns: {'timestamp': 'datetime'}
  ⚠ Near-zero variance columns: ['snow_depth_cm', 'snowfall_1h_cm', 'weather_type', 'humidity_pct']

━━━━━━━━━━━━━━━━━━━━━━━━━━━━━━━━━━━━━━━━━━━━━━━━━━━━━━━━━━━━━━━━━━━━━━━━━━━━━━━━
FILE: jma/mikuni_rawdata/mikuni_hourly_8_2025_03.csv
━━━━━━━━━━━━━━━━━━━━━━━━━━━━━━━━━━━━━━━━━━━━━━━━━━━━━━━━━━━━━━━━━━━━━━━━━━━━━━━━
  Encoding: utf-8
  Shape: 744 rows × 9 cols
  Columns: ['timestamp', 'snow_depth_cm', 'snowfall_1h_cm', 'temp_c', 'precip_1h_mm', 'sun_1h_h', 'wind_speed_ms', 'weather_type', 'humidity_pct']
  Duplicate rows: 0
  Missing values:
    snow_depth_cm                      744 (100.00%)  dtype=float64
    snowfall_1h_cm                     744 (100.00%)  dtype=float64
    sun_1h_h                           345 ( 46.37%)  dtype=float64
    weather_type                       744 (100.00%)  dtype=float64
    humidity_pct                       744 (100.00%)  dtype=float64
  Numeric column stats:
    snow_depth_cm                   range=[None, None]
    snowfall_1h_cm                  range=[None, None]
    temp_c                          range=[-1.0, 26.6], outliers=33, negatives=6
    precip_1h_mm                    range=[0.0, 4.5]
    sun_1h_h                        range=[0.0, 1.0]
    wind_speed_ms                   range=[0.0, 12.4], outliers=19
    weather_type                    range=[None, None]
    humidity_pct                    range=[None, None]
  Date columns: {'timestamp': 'datetime'}
  ⚠ Near-zero variance columns: ['snow_depth_cm', 'snowfall_1h_cm', 'weather_type', 'humidity_pct']

━━━━━━━━━━━━━━━━━━━━━━━━━━━━━━━━━━━━━━━━━━━━━━━━━━━━━━━━━━━━━━━━━━━━━━━━━━━━━━━━
FILE: jma/mikuni_rawdata/mikuni_hourly_8_2025_04.csv
━━━━━━━━━━━━━━━━━━━━━━━━━━━━━━━━━━━━━━━━━━━━━━━━━━━━━━━━━━━━━━━━━━━━━━━━━━━━━━━━
  Encoding: utf-8
  Shape: 720 rows × 9 cols
  Columns: ['timestamp', 'snow_depth_cm', 'snowfall_1h_cm', 'temp_c', 'precip_1h_mm', 'sun_1h_h', 'wind_speed_ms', 'weather_type', 'humidity_pct']
  Duplicate rows: 0
  Missing values:
    snow_depth_cm                      720 (100.00%)  dtype=float64
    snowfall_1h_cm                     720 (100.00%)  dtype=float64
    sun_1h_h                           300 ( 41.67%)  dtype=float64
    weather_type                       720 (100.00%)  dtype=float64
    humidity_pct                       720 (100.00%)  dtype=float64
  Numeric column stats:
    snow_depth_cm                   range=[None, None]
    snowfall_1h_cm                  range=[None, None]
    temp_c                          range=[2.0, 27.6], outliers=23
    precip_1h_mm                    range=[0.0, 13.5]
    sun_1h_h                        range=[0.0, 1.0]
    wind_speed_ms                   range=[0.0, 11.2], outliers=28
    weather_type                    range=[None, None]
    humidity_pct                    range=[None, None]
  Date columns: {'timestamp': 'datetime'}
  ⚠ Near-zero variance columns: ['snow_depth_cm', 'snowfall_1h_cm', 'weather_type', 'humidity_pct']

━━━━━━━━━━━━━━━━━━━━━━━━━━━━━━━━━━━━━━━━━━━━━━━━━━━━━━━━━━━━━━━━━━━━━━━━━━━━━━━━
FILE: jma/mikuni_rawdata/mikuni_hourly_8_2025_05.csv
━━━━━━━━━━━━━━━━━━━━━━━━━━━━━━━━━━━━━━━━━━━━━━━━━━━━━━━━━━━━━━━━━━━━━━━━━━━━━━━━
  Encoding: utf-8
  Shape: 744 rows × 9 cols
  Columns: ['timestamp', 'snow_depth_cm', 'snowfall_1h_cm', 'temp_c', 'precip_1h_mm', 'sun_1h_h', 'wind_speed_ms', 'weather_type', 'humidity_pct']
  Duplicate rows: 0
  Missing values:
    snow_depth_cm                      744 (100.00%)  dtype=float64
    snowfall_1h_cm                     744 (100.00%)  dtype=float64
    temp_c                               3 (  0.40%)  dtype=float64
    sun_1h_h                           278 ( 37.37%)  dtype=float64
    wind_speed_ms                        3 (  0.40%)  dtype=float64
    weather_type                       744 (100.00%)  dtype=float64
    humidity_pct                       744 (100.00%)  dtype=float64
  Numeric column stats:
    snow_depth_cm                   range=[None, None]
    snowfall_1h_cm                  range=[None, None]
    temp_c                          range=[7.1, 30.5], outliers=12
    precip_1h_mm                    range=[0.0, 9.0]
    sun_1h_h                        range=[0.0, 1.0]
    wind_speed_ms                   range=[0.0, 13.5], outliers=45
    weather_type                    range=[None, None]
    humidity_pct                    range=[None, None]
  Date columns: {'timestamp': 'datetime'}
  ⚠ Near-zero variance columns: ['snow_depth_cm', 'snowfall_1h_cm', 'weather_type', 'humidity_pct']

━━━━━━━━━━━━━━━━━━━━━━━━━━━━━━━━━━━━━━━━━━━━━━━━━━━━━━━━━━━━━━━━━━━━━━━━━━━━━━━━
FILE: jma/mikuni_rawdata/mikuni_hourly_8_2025_06.csv
━━━━━━━━━━━━━━━━━━━━━━━━━━━━━━━━━━━━━━━━━━━━━━━━━━━━━━━━━━━━━━━━━━━━━━━━━━━━━━━━
  Encoding: utf-8
  Shape: 720 rows × 9 cols
  Columns: ['timestamp', 'snow_depth_cm', 'snowfall_1h_cm', 'temp_c', 'precip_1h_mm', 'sun_1h_h', 'wind_speed_ms', 'weather_type', 'humidity_pct']
  Duplicate rows: 0
  Missing values:
    snow_depth_cm                      720 (100.00%)  dtype=float64
    snowfall_1h_cm                     720 (100.00%)  dtype=float64
    sun_1h_h                           240 ( 33.33%)  dtype=float64
    weather_type                       720 (100.00%)  dtype=float64
    humidity_pct                       720 (100.00%)  dtype=float64
  Numeric column stats:
    snow_depth_cm                   range=[None, None]
    snowfall_1h_cm                  range=[None, None]
    temp_c                          range=[13.7, 33.6], outliers=6
    precip_1h_mm                    range=[0.0, 17.0]
    sun_1h_h                        range=[0.0, 1.0]
    wind_speed_ms                   range=[0.0, 11.9], outliers=47
    weather_type                    range=[None, None]
    humidity_pct                    range=[None, None]
  Date columns: {'timestamp': 'datetime'}
  ⚠ Near-zero variance columns: ['snow_depth_cm', 'snowfall_1h_cm', 'weather_type', 'humidity_pct']

━━━━━━━━━━━━━━━━━━━━━━━━━━━━━━━━━━━━━━━━━━━━━━━━━━━━━━━━━━━━━━━━━━━━━━━━━━━━━━━━
FILE: jma/mikuni_rawdata/mikuni_hourly_8_2025_07.csv
━━━━━━━━━━━━━━━━━━━━━━━━━━━━━━━━━━━━━━━━━━━━━━━━━━━━━━━━━━━━━━━━━━━━━━━━━━━━━━━━
  Encoding: utf-8
  Shape: 744 rows × 9 cols
  Columns: ['timestamp', 'snow_depth_cm', 'snowfall_1h_cm', 'temp_c', 'precip_1h_mm', 'sun_1h_h', 'wind_speed_ms', 'weather_type', 'humidity_pct']
  Duplicate rows: 0
  Missing values:
    snow_depth_cm                      744 (100.00%)  dtype=float64
    snowfall_1h_cm                     744 (100.00%)  dtype=float64
    sun_1h_h                           250 ( 33.60%)  dtype=float64
    wind_speed_ms                        1 (  0.13%)  dtype=float64
    weather_type                       744 (100.00%)  dtype=float64
    humidity_pct                       744 (100.00%)  dtype=float64
  Numeric column stats:
    snow_depth_cm                   range=[None, None]
    snowfall_1h_cm                  range=[None, None]
    temp_c                          range=[23.2, 36.9], outliers=1
    precip_1h_mm                    range=[0.0, 3.5]
    sun_1h_h                        range=[0.0, 1.0]
    wind_speed_ms                   range=[0.0, 13.9], outliers=48
    weather_type                    range=[None, None]
    humidity_pct                    range=[None, None]
  Date columns: {'timestamp': 'datetime'}
  ⚠ Near-zero variance columns: ['snow_depth_cm', 'snowfall_1h_cm', 'weather_type', 'humidity_pct']

━━━━━━━━━━━━━━━━━━━━━━━━━━━━━━━━━━━━━━━━━━━━━━━━━━━━━━━━━━━━━━━━━━━━━━━━━━━━━━━━
FILE: jma/mikuni_rawdata/mikuni_hourly_8_2025_08.csv
━━━━━━━━━━━━━━━━━━━━━━━━━━━━━━━━━━━━━━━━━━━━━━━━━━━━━━━━━━━━━━━━━━━━━━━━━━━━━━━━
  Encoding: utf-8
  Shape: 744 rows × 9 cols
  Columns: ['timestamp', 'snow_depth_cm', 'snowfall_1h_cm', 'temp_c', 'precip_1h_mm', 'sun_1h_h', 'wind_speed_ms', 'weather_type', 'humidity_pct']
  Duplicate rows: 0
  Missing values:
    snow_depth_cm                      744 (100.00%)  dtype=float64
    snowfall_1h_cm                     744 (100.00%)  dtype=float64
    sun_1h_h                           310 ( 41.67%)  dtype=float64
    weather_type                       744 (100.00%)  dtype=float64
    humidity_pct                       744 (100.00%)  dtype=float64
  Numeric column stats:
    snow_depth_cm                   range=[None, None]
    snowfall_1h_cm                  range=[None, None]
    temp_c                          range=[21.8, 38.1], outliers=3
    precip_1h_mm                    range=[0.0, 18.0]
    sun_1h_h                        range=[0.0, 1.0]
    wind_speed_ms                   range=[0.0, 9.2], outliers=11
    weather_type                    range=[None, None]
    humidity_pct                    range=[None, None]
  Date columns: {'timestamp': 'datetime'}
  ⚠ Near-zero variance columns: ['snow_depth_cm', 'snowfall_1h_cm', 'weather_type', 'humidity_pct']

━━━━━━━━━━━━━━━━━━━━━━━━━━━━━━━━━━━━━━━━━━━━━━━━━━━━━━━━━━━━━━━━━━━━━━━━━━━━━━━━
FILE: jma/mikuni_rawdata/mikuni_hourly_8_2025_09.csv
━━━━━━━━━━━━━━━━━━━━━━━━━━━━━━━━━━━━━━━━━━━━━━━━━━━━━━━━━━━━━━━━━━━━━━━━━━━━━━━━
  Encoding: utf-8
  Shape: 720 rows × 9 cols
  Columns: ['timestamp', 'snow_depth_cm', 'snowfall_1h_cm', 'temp_c', 'precip_1h_mm', 'sun_1h_h', 'wind_speed_ms', 'weather_type', 'humidity_pct']
  Duplicate rows: 0
  Missing values:
    snow_depth_cm                      720 (100.00%)  dtype=float64
    snowfall_1h_cm                     720 (100.00%)  dtype=float64
    sun_1h_h                           314 ( 43.61%)  dtype=float64
    weather_type                       720 (100.00%)  dtype=float64
    humidity_pct                       720 (100.00%)  dtype=float64
  Numeric column stats:
    snow_depth_cm                   range=[None, None]
    snowfall_1h_cm                  range=[None, None]
    temp_c                          range=[16.0, 34.1], outliers=2
    precip_1h_mm                    range=[0.0, 27.0]
    sun_1h_h                        range=[0.0, 1.0]
    wind_speed_ms                   range=[0.1, 10.9], outliers=55
    weather_type                    range=[None, None]
    humidity_pct                    range=[None, None]
  Date columns: {'timestamp': 'datetime'}
  ⚠ Near-zero variance columns: ['snow_depth_cm', 'snowfall_1h_cm', 'weather_type', 'humidity_pct']

━━━━━━━━━━━━━━━━━━━━━━━━━━━━━━━━━━━━━━━━━━━━━━━━━━━━━━━━━━━━━━━━━━━━━━━━━━━━━━━━
FILE: jma/mikuni_rawdata/mikuni_hourly_8_2025_10.csv
━━━━━━━━━━━━━━━━━━━━━━━━━━━━━━━━━━━━━━━━━━━━━━━━━━━━━━━━━━━━━━━━━━━━━━━━━━━━━━━━
  Encoding: utf-8
  Shape: 744 rows × 9 cols
  Columns: ['timestamp', 'snow_depth_cm', 'snowfall_1h_cm', 'temp_c', 'precip_1h_mm', 'sun_1h_h', 'wind_speed_ms', 'weather_type', 'humidity_pct']
  Duplicate rows: 0
  Missing values:
    snow_depth_cm                      744 (100.00%)  dtype=float64
    snowfall_1h_cm                     744 (100.00%)  dtype=float64
    sun_1h_h                           373 ( 50.13%)  dtype=float64
    weather_type                       744 (100.00%)  dtype=float64
    humidity_pct                       744 (100.00%)  dtype=float64
  Numeric column stats:
    snow_depth_cm                   range=[None, None]
    snowfall_1h_cm                  range=[None, None]
    temp_c                          range=[7.0, 28.5]
    precip_1h_mm                    range=[0.0, 22.5]
    sun_1h_h                        range=[0.0, 1.0]
    wind_speed_ms                   range=[0.0, 9.9], outliers=13
    weather_type                    range=[None, None]
    humidity_pct                    range=[None, None]
  Date columns: {'timestamp': 'datetime'}
  ⚠ Near-zero variance columns: ['snow_depth_cm', 'snowfall_1h_cm', 'weather_type', 'humidity_pct']

━━━━━━━━━━━━━━━━━━━━━━━━━━━━━━━━━━━━━━━━━━━━━━━━━━━━━━━━━━━━━━━━━━━━━━━━━━━━━━━━
FILE: jma/mikuni_rawdata/mikuni_hourly_8_2025_11.csv
━━━━━━━━━━━━━━━━━━━━━━━━━━━━━━━━━━━━━━━━━━━━━━━━━━━━━━━━━━━━━━━━━━━━━━━━━━━━━━━━
  Encoding: utf-8
  Shape: 720 rows × 9 cols
  Columns: ['timestamp', 'snow_depth_cm', 'snowfall_1h_cm', 'temp_c', 'precip_1h_mm', 'sun_1h_h', 'wind_speed_ms', 'weather_type', 'humidity_pct']
  Duplicate rows: 0
  Missing values:
    snow_depth_cm                      720 (100.00%)  dtype=float64
    snowfall_1h_cm                     720 (100.00%)  dtype=float64
    temp_c                               5 (  0.69%)  dtype=float64
    precip_1h_mm                         5 (  0.69%)  dtype=float64
    sun_1h_h                           391 ( 54.31%)  dtype=float64
    wind_speed_ms                        5 (  0.69%)  dtype=float64
    weather_type                       720 (100.00%)  dtype=float64
    humidity_pct                       302 ( 41.94%)  dtype=float64
  Numeric column stats:
    snow_depth_cm                   range=[None, None]
    snowfall_1h_cm                  range=[None, None]
    temp_c                          range=[3.9, 20.1]
    precip_1h_mm                    range=[0.0, 11.5]
    sun_1h_h                        range=[0.0, 1.0]
    wind_speed_ms                   range=[0.4, 9.4], outliers=2
    weather_type                    range=[None, None]
    humidity_pct                    range=[36.0, 96.0]
  Date columns: {'timestamp': 'datetime'}
  ⚠ Near-zero variance columns: ['snow_depth_cm', 'snowfall_1h_cm', 'weather_type']

━━━━━━━━━━━━━━━━━━━━━━━━━━━━━━━━━━━━━━━━━━━━━━━━━━━━━━━━━━━━━━━━━━━━━━━━━━━━━━━━
FILE: jma/mikuni_rawdata/mikuni_hourly_8_2025_12.csv
━━━━━━━━━━━━━━━━━━━━━━━━━━━━━━━━━━━━━━━━━━━━━━━━━━━━━━━━━━━━━━━━━━━━━━━━━━━━━━━━
  Encoding: utf-8
  Shape: 744 rows × 9 cols
  Columns: ['timestamp', 'snow_depth_cm', 'snowfall_1h_cm', 'temp_c', 'precip_1h_mm', 'sun_1h_h', 'wind_speed_ms', 'weather_type', 'humidity_pct']
  Duplicate rows: 0
  Missing values:
    snow_depth_cm                      744 (100.00%)  dtype=float64
    snowfall_1h_cm                     744 (100.00%)  dtype=float64
    sun_1h_h                           419 ( 56.32%)  dtype=float64
    weather_type                       744 (100.00%)  dtype=float64
  Numeric column stats:
    snow_depth_cm                   range=[None, None]
    snowfall_1h_cm                  range=[None, None]
    temp_c                          range=[-0.6, 19.7], outliers=3, negatives=8
    precip_1h_mm                    range=[0.0, 9.5]
    sun_1h_h                        range=[0.0, 1.0]
    wind_speed_ms                   range=[0.4, 15.2], outliers=4
    weather_type                    range=[None, None]
    humidity_pct                    range=[43.0, 99.0]
  Date columns: {'timestamp': 'datetime'}
  ⚠ Near-zero variance columns: ['snow_depth_cm', 'snowfall_1h_cm', 'weather_type']

━━━━━━━━━━━━━━━━━━━━━━━━━━━━━━━━━━━━━━━━━━━━━━━━━━━━━━━━━━━━━━━━━━━━━━━━━━━━━━━━
FILE: jma/mikuni_rawdata/mikuni_hourly_8_2026_01.csv
━━━━━━━━━━━━━━━━━━━━━━━━━━━━━━━━━━━━━━━━━━━━━━━━━━━━━━━━━━━━━━━━━━━━━━━━━━━━━━━━
  Encoding: utf-8
  Shape: 744 rows × 9 cols
  Columns: ['timestamp', 'snow_depth_cm', 'snowfall_1h_cm', 'temp_c', 'precip_1h_mm', 'sun_1h_h', 'wind_speed_ms', 'weather_type', 'humidity_pct']
  Duplicate rows: 0
  Missing values:
    snow_depth_cm                      744 (100.00%)  dtype=float64
    snowfall_1h_cm                     744 (100.00%)  dtype=float64
    sun_1h_h                           415 ( 55.78%)  dtype=float64
    weather_type                       744 (100.00%)  dtype=float64
  Numeric column stats:
    snow_depth_cm                   range=[None, None]
    snowfall_1h_cm                  range=[None, None]
    temp_c                          range=[-2.2, 12.7], outliers=53, negatives=59
    precip_1h_mm                    range=[0.0, 6.5], outliers=52
    sun_1h_h                        range=[0.0, 1.0], outliers=42
    wind_speed_ms                   range=[0.4, 12.2], outliers=2
    weather_type                    range=[None, None]
    humidity_pct                    range=[39.0, 99.0]
  Date columns: {'timestamp': 'datetime'}
  ⚠ Near-zero variance columns: ['snow_depth_cm', 'snowfall_1h_cm', 'weather_type']

━━━━━━━━━━━━━━━━━━━━━━━━━━━━━━━━━━━━━━━━━━━━━━━━━━━━━━━━━━━━━━━━━━━━━━━━━━━━━━━━
FILE: jma/mikuni_rawdata/mikuni_hourly_8_2026_02.csv
━━━━━━━━━━━━━━━━━━━━━━━━━━━━━━━━━━━━━━━━━━━━━━━━━━━━━━━━━━━━━━━━━━━━━━━━━━━━━━━━
  Encoding: utf-8
  Shape: 480 rows × 9 cols
  Columns: ['timestamp', 'snow_depth_cm', 'snowfall_1h_cm', 'temp_c', 'precip_1h_mm', 'sun_1h_h', 'wind_speed_ms', 'weather_type', 'humidity_pct']
  Duplicate rows: 0
  Missing values:
    snow_depth_cm                      480 (100.00%)  dtype=float64
    snowfall_1h_cm                     480 (100.00%)  dtype=float64
    sun_1h_h                           240 ( 50.00%)  dtype=float64
    weather_type                       480 (100.00%)  dtype=float64
  Numeric column stats:
    snow_depth_cm                   range=[None, None]
    snowfall_1h_cm                  range=[None, None]
    temp_c                          range=[-3.2, 16.8], outliers=9, negatives=77
    precip_1h_mm                    range=[0.0, 5.0]
    sun_1h_h                        range=[0.0, 1.0]
    wind_speed_ms                   range=[0.8, 11.2], outliers=10
    weather_type                    range=[None, None]
    humidity_pct                    range=[35.0, 99.0]
  Date columns: {'timestamp': 'datetime'}
  ⚠ Near-zero variance columns: ['snow_depth_cm', 'snowfall_1h_cm', 'weather_type']

════════════════════════════════════════════════════════════════════════════════
SUMMARY
════════════════════════════════════════════════════════════════════════════════
  Total CSVs profiled: 48
  Unreadable:          0
  With duplicate rows: 0
  With null values:    48
  With near-zero var:  48
  Nums-as-strings:     0
